This is pdfTeX, Version 3.14159265-2.6-1.40.17 (MiKTeX 2.9 64-bit) (preloaded format=pdflatex 2016.7.28)  28 JAN 2018 23:03
entering extended mode
**./thesis.tex
(thesis.tex
LaTeX2e <2016/03/31>
Babel <3.9r> and hyphenation patterns for 75 language(s) loaded.
("C:\Users\andre\AppData\Local\Programs\MiKTeX 2.9\tex\latex\memoir\memoir.cls"
Document Class: memoir 2016/05/16 v3.7f configurable book, report, article docu
ment class
\onelineskip=\skip41
\lxvchars=\skip42
\xlvchars=\skip43
\@memcnta=\count79
\c@@memmarkcntra=\count80
\l@nohyphenation=\language75

("C:\Users\andre\AppData\Local\Programs\MiKTeX 2.9\tex\generic\oberdiek\ifpdf.s
ty"
Package: ifpdf 2016/05/14 v3.1 Provides the ifpdf switch
)
("C:\Users\andre\AppData\Local\Programs\MiKTeX 2.9\tex\latex\ifetex\ifetex.sty"
Package: ifetex 2011/12/15 v1.2 ifetex
("C:\Users\andre\AppData\Local\Programs\MiKTeX 2.9\tex\plain\ifetex\ifetex.tex"
))
("C:\Users\andre\AppData\Local\Programs\MiKTeX 2.9\tex\generic\ifxetex\ifxetex.
sty"
Package: ifxetex 2010/09/12 v0.6 Provides ifxetex conditional
)
("C:\Users\andre\AppData\Local\Programs\MiKTeX 2.9\tex\generic\oberdiek\ifluate
x.sty"
Package: ifluatex 2016/05/16 v1.4 Provides the ifluatex switch (HO)
Package ifluatex Info: LuaTeX not detected.
)
\stockheight=\skip44
\stockwidth=\skip45
\trimtop=\skip46
\trimedge=\skip47
LaTeX Font Info:    Try loading font information for T1+lmr on input line 746.
 ("C:\Users\andre\AppData\Local\Programs\MiKTeX 2.9\tex\latex\lm\t1lmr.fd"
File: t1lmr.fd 2009/10/30 v1.6 Font defs for Latin Modern
)
("C:\Users\andre\AppData\Local\Programs\MiKTeX 2.9\tex\latex\memoir\mem11.clo"
File: mem11.clo 2008/01/30 v0.3 memoir class 11pt size option
) ("C:\Users\andre\AppData\Local\Programs\MiKTeX 2.9\tex\latex\lm\lmodern.sty"
Package: lmodern 2009/10/30 v1.6 Latin Modern Fonts
LaTeX Font Info:    Overwriting symbol font `operators' in version `normal'
(Font)                  OT1/cmr/m/n --> OT1/lmr/m/n on input line 22.
LaTeX Font Info:    Overwriting symbol font `letters' in version `normal'
(Font)                  OML/cmm/m/it --> OML/lmm/m/it on input line 23.
LaTeX Font Info:    Overwriting symbol font `symbols' in version `normal'
(Font)                  OMS/cmsy/m/n --> OMS/lmsy/m/n on input line 24.
LaTeX Font Info:    Overwriting symbol font `largesymbols' in version `normal'
(Font)                  OMX/cmex/m/n --> OMX/lmex/m/n on input line 25.
LaTeX Font Info:    Overwriting symbol font `operators' in version `bold'
(Font)                  OT1/cmr/bx/n --> OT1/lmr/bx/n on input line 26.
LaTeX Font Info:    Overwriting symbol font `letters' in version `bold'
(Font)                  OML/cmm/b/it --> OML/lmm/b/it on input line 27.
LaTeX Font Info:    Overwriting symbol font `symbols' in version `bold'
(Font)                  OMS/cmsy/b/n --> OMS/lmsy/b/n on input line 28.
LaTeX Font Info:    Overwriting symbol font `largesymbols' in version `bold'
(Font)                  OMX/cmex/m/n --> OMX/lmex/m/n on input line 29.
LaTeX Font Info:    Overwriting math alphabet `\mathbf' in version `normal'
(Font)                  OT1/cmr/bx/n --> OT1/lmr/bx/n on input line 31.
LaTeX Font Info:    Overwriting math alphabet `\mathsf' in version `normal'
(Font)                  OT1/cmss/m/n --> OT1/lmss/m/n on input line 32.
LaTeX Font Info:    Overwriting math alphabet `\mathit' in version `normal'
(Font)                  OT1/cmr/m/it --> OT1/lmr/m/it on input line 33.
LaTeX Font Info:    Overwriting math alphabet `\mathtt' in version `normal'
(Font)                  OT1/cmtt/m/n --> OT1/lmtt/m/n on input line 34.
LaTeX Font Info:    Overwriting math alphabet `\mathbf' in version `bold'
(Font)                  OT1/cmr/bx/n --> OT1/lmr/bx/n on input line 35.
LaTeX Font Info:    Overwriting math alphabet `\mathsf' in version `bold'
(Font)                  OT1/cmss/bx/n --> OT1/lmss/bx/n on input line 36.
LaTeX Font Info:    Overwriting math alphabet `\mathit' in version `bold'
(Font)                  OT1/cmr/bx/it --> OT1/lmr/bx/it on input line 37.
LaTeX Font Info:    Overwriting math alphabet `\mathtt' in version `bold'
(Font)                  OT1/cmtt/m/n --> OT1/lmtt/m/n on input line 38.
)
("C:\Users\andre\AppData\Local\Programs\MiKTeX 2.9\tex\latex\base\fontenc.sty"
Package: fontenc 2005/09/27 v1.99g Standard LaTeX package

("C:\Users\andre\AppData\Local\Programs\MiKTeX 2.9\tex\latex\base\t1enc.def"
File: t1enc.def 2005/09/27 v1.99g Standard LaTeX file
LaTeX Font Info:    Redeclaring font encoding T1 on input line 48.
))
\binding=\skip48
\spinemargin=\skip49
\foremargin=\skip50
\uppermargin=\skip51
\lowermargin=\skip52
\headdrop=\skip53
\normalrulethickness=\skip54
\mem@maxheadheight=\skip55
\mem@maxfootheight=\skip56
\headwidth=\skip57
\c@storedpagenumber=\count81
\memPD=\dimen102
\m@mabparskip=\skip58
\thanksmarkwidth=\skip59
\thanksmarksep=\skip60
\droptitle=\skip61
\c@book=\count82
\c@part=\count83
\c@chapter=\count84
\c@section=\count85
\c@subsection=\count86
\c@subsubsection=\count87
\c@paragraph=\count88
\c@subparagraph=\count89
\beforechapskip=\skip62
\midchapskip=\skip63
\afterchapskip=\skip64
\chapindent=\skip65
\bottomsectionskip=\skip66
\secindent=\skip67
\beforesecskip=\skip68
\aftersecskip=\skip69
\subsecindent=\skip70
\beforesubsecskip=\skip71
\aftersubsecskip=\skip72
\subsubsecindent=\skip73
\beforesubsubsecskip=\skip74
\aftersubsubsecskip=\skip75
\paraindent=\skip76
\beforeparaskip=\skip77
\afterparaskip=\skip78
\subparaindent=\skip79
\beforesubparaskip=\skip80
\aftersubparaskip=\skip81
\pfbreakskip=\skip82
\c@@ppsavesec=\count90
\c@@ppsaveapp=\count91
\ragrparindent=\dimen103
\everylistparindent=\dimen104
\parsepi=\skip83
\topsepi=\skip84
\itemsepi=\skip85
\parsepii=\skip86
\topsepii=\skip87
\topsepiii=\skip88
\itemsepii=\skip89
\itemsepiii=\skip90
\partopsepii=\skip91
\partopsepiii=\skip92
\m@msavetopsep=\skip93
\m@msavepartopsep=\skip94
\@enLab=\toks14
\abstitleskip=\skip95
\absleftindent=\skip96
\abs@leftindent=\dimen105
\absrightindent=\skip97
\absparindent=\skip98
\absparsep=\skip99
\c@vslineno=\count92
\c@poemline=\count93
\c@modulo@vs=\count94
\c@memfvsline=\count95
\vleftskip=\skip100
\vrightskip=\skip101
\stanzaskip=\skip102
\versewidth=\skip103
\vgap=\skip104
\vindent=\skip105
\vleftmargin=\dimen106
\c@verse=\count96
\c@chrsinstr=\count97
\beforepoemtitleskip=\skip106
\afterpoemtitleskip=\skip107
\c@poem=\count98
\beforePoemTitleskip=\skip108
\midPoemTitleskip=\skip109
\afterPoemTitleskip=\skip110
\col@sep=\dimen107
\extrarowheight=\dimen108
\NC@list=\toks15
\extratabsurround=\skip111
\backup@length=\skip112
\TX@col@width=\dimen109
\TX@old@table=\dimen110
\TX@old@col=\dimen111
\TX@target=\dimen112
\TX@delta=\dimen113
\TX@cols=\count99
\TX@ftn=\toks16
\heavyrulewidth=\dimen114
\lightrulewidth=\dimen115
\cmidrulewidth=\dimen116
\belowrulesep=\dimen117
\belowbottomsep=\dimen118
\aboverulesep=\dimen119
\abovetopsep=\dimen120
\cmidrulesep=\dimen121
\cmidrulekern=\dimen122
\defaultaddspace=\dimen123
\@cmidla=\count100
\@cmidlb=\count101
\@aboverulesep=\dimen124
\@belowrulesep=\dimen125
\@thisruleclass=\count102
\@lastruleclass=\count103
\@thisrulewidth=\dimen126
\ctableftskip=\skip113
\ctabrightskip=\skip114
\abovecolumnspenalty=\count104
\@linestogo=\count105
\@cellstogo=\count106
\@cellsincolumn=\count107
\crtok=\toks17
\@mincolumnwidth=\dimen127
\c@newflo@tctr=\count108
\mem@margin@floatbox=\box26
\@contcwidth=\skip115
\@contindw=\skip116
\abovecaptionskip=\skip117
\belowcaptionskip=\skip118
\subfloattopskip=\skip119
\subfloatcapskip=\skip120
\subfloatcaptopadj=\skip121
\subfloatbottomskip=\skip122
\subfloatlabelskip=\skip123
\subfloatcapmargin=\dimen128
\c@@contsubnum=\count109
\m@mscap@capbox=\box27
\m@mscap@fbox=\box28
\sidecapsep=\dimen129
\sidecapwidth=\dimen130
\m@m@tempdima=\dimen131
\m@mscapraise=\dimen132
\sidecapraise=\dimen133
\m@mscapmainwidth=\dimen134
\m@mscaplkern=\dimen135
\beforeepigraphskip=\skip124
\afterepigraphskip=\skip125
\epigraphwidth=\skip126
\epigraphrule=\skip127
LaTeX Info: Redefining \em on input line 7551.
LaTeX Info: Redefining \emph on input line 7559.
\tocentryskip=\skip128
\tocbaseline=\skip129
\cftparskip=\skip130
\cftbeforebookskip=\skip131
\cftbookindent=\dimen136
\cftbooknumwidth=\dimen137
\cftbeforepartskip=\skip132
\cftpartindent=\skip133
\cftpartnumwidth=\skip134
\cftbeforechapterskip=\skip135
\cftchapterindent=\skip136
\cftchapternumwidth=\skip137
\cftbeforesectionskip=\skip138
\cftsectionindent=\skip139
\cftsectionnumwidth=\skip140
\cftbeforesubsectionskip=\skip141
\cftsubsectionindent=\skip142
\cftsubsectionnumwidth=\skip143
\cftbeforesubsubsectionskip=\skip144
\cftsubsubsectionindent=\skip145
\cftsubsubsectionnumwidth=\skip146
\cftbeforeparagraphskip=\skip147
\cftparagraphindent=\skip148
\cftparagraphnumwidth=\skip149
\cftbeforesubparagraphskip=\skip150
\cftsubparagraphindent=\skip151
\cftsubparagraphnumwidth=\skip152
\prechapterprecisshift=\dimen138
\c@maxsecnumdepth=\count110
\bibindent=\dimen139
\bibitemsep=\skip153
\indexcolsep=\skip154
\indexrule=\skip155
\indexmarkstyle=\toks18
\@indexbox=\insert199
\glossarycolsep=\dimen140
\glossaryrule=\dimen141
\sideparvshift=\skip156
\sideins=\insert198
\sidebartopsep=\skip157
\sidebarhsep=\skip158
\sidebarvsep=\skip159
\sidebarwidth=\skip160
\footmarkwidth=\skip161
\footmarksep=\skip162
\footparindent=\skip163
\footinsdim=\skip164
\footinsv@r=\insert197
\@mpfootinsv@r=\insert196
\m@m@k=\count111
\m@m@h=\dimen142
\m@mipn@skip=\skip165
\sidefootins=\insert195
\sidefootadjust=\skip166
\sidefootheight=\skip167
\sidefoothsep=\skip168
\sidefootvsep=\skip169
\sidefootwidth=\skip170
\m@mdownsf=\skip171
\c@sidefootnote=\count112
\sidefootmarkwidth=\skip172
\sidefootmarksep=\skip173
\sidefootparindent=\skip174
\c@pagenote=\count113
\c@pagenoteshadow=\count114
\mem@pn@lastkern=\skip175
\every@verbatim=\toks19
\afterevery@verbatim=\toks20
\verbatim@line=\toks21
\tab@position=\count115
\verbatim@in@stream=\read1
\verbatimindent=\skip176
\verbatim@out=\write3
\bvboxsep=\skip177
\c@memfbvline=\count116
\c@bvlinectr=\count117
\bvnumlength=\skip178
\fb@frw=\dimen143
\fb@frh=\dimen144
\FrameRule=\dimen145
\FrameSep=\dimen146
\c@cp@cntr=\count118
LaTeX Info: Redefining \: on input line 12068.
LaTeX Info: Redefining \! on input line 12070.
\c@ism@mctr=\count119
\c@xsm@mctr=\count120
\c@csm@mctr=\count121
\c@ksm@mctr=\count122
\c@xksm@mctr=\count123
\c@cksm@mctr=\count124
\c@msm@mctr=\count125
\c@xmsm@mctr=\count126
\c@cmsm@mctr=\count127
\c@bsm@mctr=\count128
\c@workm@mctr=\count129
\c@sheetsequence=\count130
\c@lastsheet=\count131
\c@lastpage=\count132
\c@figure=\count133
\c@lofdepth=\count134
\cftbeforefigureskip=\skip179
\cftfigureindent=\skip180
\cftfigurenumwidth=\skip181
\c@table=\count135
\c@lotdepth=\count136
\cftbeforetableskip=\skip182
\cfttableindent=\skip183
\cfttablenumwidth=\skip184
Package abstract [2008/07/23] emulated by memoir.
Package appendix [2008/07/23] emulated by memoir.
Package array [2008/09/09] emulated by memoir.
Package booktabs [2016/05/16] emulated by memoir.
Package ccaption [2008/07/23] emulated by memoir.
Package changepage [2008/07/23] emulated by memoir.
Package chngcntr [2008/07/23] emulated by memoir.
Package chngpage [2008/07/23] emulated by memoir.
Package crop emulated by memoir.
Package dcolumn [2008/07/23] emulated by memoir.
Package delarray [2008/07/23] emulated by memoir.
Package enumerate [2008/07/23] emulated by memoir.
Package epigraph [2008/07/23] emulated by memoir.
Package ifmtarg [2008/07/23] emulated by memoir.
Package index [2008/07/23] emulated by memoir.
Package makeidx [2008/07/23] emulated by memoir.
Package moreverb [2008/07/23] emulated by memoir.
Package mparhack [2008/07/23] emulated by memoir.
Package needspace [2008/07/23] emulated by memoir.
Package newfile [2008/07/23] emulated by memoir.
Package nextpage [2008/07/23] emulated by memoir.
Package pagenote [2008/07/23] emulated by memoir.
Package parskip [2008/07/23] emulated by memoir.
Package patchcmd [2008/07/23] emulated by memoir.
Package setspace [2008/07/23] emulated by memoir.
Package shortvrb [2008/07/23] emulated by memoir.
Package showidx [2008/07/23] emulated by memoir.
Package tabularx [2008/07/23] emulated by memoir.
Package titleref [2008/07/23] emulated by memoir.
Package titling [2008/07/23] emulated by memoir.
Package tocbibind [2008/07/23] emulated by memoir.
Package tocloft [2008/07/23] emulated by memoir.
Package tocvsec2 [2008/07/23] emulated by memoir.
Package verbatim [2008/07/23] emulated by memoir.
Package verse [2008/07/23] emulated by memoir.

("C:\Users\andre\AppData\Local\Programs\MiKTeX 2.9\tex\latex\memoir\mempatch.st
y"
Package: mempatch 2009/07/24 v6.0f Patches for memoir class v1.6180339
)) (thesis.sty
Package: thesis 2016/09/02 Version 1.12 (Dave Green)
 (mystyle.sty
("C:\Users\andre\AppData\Local\Programs\MiKTeX 2.9\tex\latex\tools\calc.sty"
Package: calc 2014/10/28 v4.3 Infix arithmetic (KKT,FJ)
\calc@Acount=\count137
\calc@Bcount=\count138
\calc@Adimen=\dimen147
\calc@Bdimen=\dimen148
\calc@Askip=\skip185
\calc@Bskip=\skip186
LaTeX Info: Redefining \setlength on input line 80.
LaTeX Info: Redefining \addtolength on input line 81.
\calc@Ccount=\count139
\calc@Cskip=\skip187
)
("C:\Users\andre\AppData\Local\Programs\MiKTeX 2.9\tex\latex\xcolor\xcolor.sty"
Package: xcolor 2016/05/11 v2.12 LaTeX color extensions (UK)
("C:\Users\andre\AppData\Local\Programs\MiKTeX 2.9\tex\latex\00miktex\color.cfg
"
File: color.cfg 2016/01/02 v1.6 sample color configuration
)
Package xcolor Info: Driver file: pdftex.def on input line 225.

("C:\Users\andre\AppData\Local\Programs\MiKTeX 2.9\tex\latex\pdftex-def\pdftex.
def"
File: pdftex.def 2011/05/27 v0.06d Graphics/color for pdfTeX

("C:\Users\andre\AppData\Local\Programs\MiKTeX 2.9\tex\generic\oberdiek\infware
rr.sty"
Package: infwarerr 2016/05/16 v1.4 Providing info/warning/error messages (HO)
)
("C:\Users\andre\AppData\Local\Programs\MiKTeX 2.9\tex\generic\oberdiek\ltxcmds
.sty"
Package: ltxcmds 2016/05/16 v1.23 LaTeX kernel commands for general use (HO)
)
\Gread@gobject=\count140
)
Package xcolor Info: Model `cmy' substituted by `cmy0' on input line 1348.
Package xcolor Info: Model `hsb' substituted by `rgb' on input line 1352.
Package xcolor Info: Model `RGB' extended on input line 1364.
Package xcolor Info: Model `HTML' substituted by `rgb' on input line 1366.
Package xcolor Info: Model `Hsb' substituted by `hsb' on input line 1367.
Package xcolor Info: Model `tHsb' substituted by `hsb' on input line 1368.
Package xcolor Info: Model `HSB' substituted by `hsb' on input line 1369.
Package xcolor Info: Model `Gray' substituted by `gray' on input line 1370.
Package xcolor Info: Model `wave' substituted by `hsb' on input line 1371.
)
\mo@normtxtw=\skip188
\mystyle@chapter=\box29
)

******************************************************
Stock height and width: 845.04684pt by 597.50787pt
Top and edge trims: 0pt and 0pt
Page height and width: 845.04684pt by 597.50787pt
Text height and width: 636.60028pt by 398pt
Spine and edge margins: 113.81102pt and 85.35826pt
Upper and lower margins: 99.58464pt and 108.86192pt
Headheight and headsep: 13.6pt and 19.8738pt
Footskip: 27.46295pt
Columnsep and columnseprule: 10pt and 0pt
Marginparsep and marginparwidth: 14.22636pt and 56.9055pt
Sidecapsep and sidecapwidth: 7pt and 49pt
Sidebarhsep and sidebarwidth: 7pt and 49pt
Sidebarvsep and sidebartopsep: 13.6pt and 0pt
Sidebarheight: 594.32022pt
Sidefoothsep and sidefootwidth: 7pt and 49pt
Sidefootvsep and sidefootheight: 13.6pt and 594.32022pt
******************************************************

\thesiscaptionwidth=\skip189
("C:\Users\andre\AppData\Local\Programs\MiKTeX 2.9\tex\generic\babel\babel.sty"
Package: babel 2016/04/23 3.9r The Babel package
*************************************
* Local config file bblopts.cfg used
*
("C:\Users\andre\AppData\Local\Programs\MiKTeX 2.9\tex\latex\arabi\bblopts.cfg"
File: bblopts.cfg 2005/09/08 v0.1 add Arabic and Farsi to "declared" options of
 babel
)
("C:\Users\andre\AppData\Local\Programs\MiKTeX 2.9\tex\latex\babel-english\engl
ish.ldf"
Language: english 2012/08/20 v3.3p English support from the babel system

("C:\Users\andre\AppData\Local\Programs\MiKTeX 2.9\tex\generic\babel\babel.def"
File: babel.def 2016/04/23 3.9r Babel common definitions
\babel@savecnt=\count141
\U@D=\dimen149
)
\l@canadian = a dialect from \language\l@american 
\l@australian = a dialect from \language\l@british 
\l@newzealand = a dialect from \language\l@british 
))
("C:\Users\andre\AppData\Local\Programs\MiKTeX 2.9\tex\latex\amsfonts\amsfonts.
sty"
Package: amsfonts 2013/01/14 v3.01 Basic AMSFonts support
\@emptytoks=\toks22
\symAMSa=\mathgroup4
\symAMSb=\mathgroup5
LaTeX Font Info:    Overwriting math alphabet `\mathfrak' in version `bold'
(Font)                  U/euf/m/n --> U/euf/b/n on input line 106.
)
("C:\Users\andre\AppData\Local\Programs\MiKTeX 2.9\tex\latex\amsmath\amsmath.st
y"
Package: amsmath 2016/03/10 v2.15b AMS math features
\@mathmargin=\skip190

For additional information on amsmath, use the `?' option.

("C:\Users\andre\AppData\Local\Programs\MiKTeX 2.9\tex\latex\amsmath\amstext.st
y"
Package: amstext 2000/06/29 v2.01 AMS text

("C:\Users\andre\AppData\Local\Programs\MiKTeX 2.9\tex\latex\amsmath\amsgen.sty
"
File: amsgen.sty 1999/11/30 v2.0 generic functions
\@emptytoks=\toks23
\ex@=\dimen150
))
("C:\Users\andre\AppData\Local\Programs\MiKTeX 2.9\tex\latex\amsmath\amsbsy.sty
"
Package: amsbsy 1999/11/29 v1.2d Bold Symbols
\pmbraise@=\dimen151
)
("C:\Users\andre\AppData\Local\Programs\MiKTeX 2.9\tex\latex\amsmath\amsopn.sty
"
Package: amsopn 2016/03/08 v2.02 operator names
)
\inf@bad=\count142
LaTeX Info: Redefining \frac on input line 199.
\uproot@=\count143
\leftroot@=\count144
LaTeX Info: Redefining \overline on input line 297.
\classnum@=\count145
\DOTSCASE@=\count146
LaTeX Info: Redefining \ldots on input line 394.
LaTeX Info: Redefining \dots on input line 397.
LaTeX Info: Redefining \cdots on input line 518.
\Mathstrutbox@=\box30
\strutbox@=\box31
\big@size=\dimen152
LaTeX Font Info:    Redeclaring font encoding OML on input line 634.
LaTeX Font Info:    Redeclaring font encoding OMS on input line 635.
\macc@depth=\count147
\c@MaxMatrixCols=\count148
\dotsspace@=\muskip10
\c@parentequation=\count149
\dspbrk@lvl=\count150
\tag@help=\toks24
\row@=\count151
\column@=\count152
\maxfields@=\count153
\andhelp@=\toks25
\eqnshift@=\dimen153
\alignsep@=\dimen154
\tagshift@=\dimen155
\tagwidth@=\dimen156
\totwidth@=\dimen157
\lineht@=\dimen158
\@envbody=\toks26
\multlinegap=\skip191
\multlinetaggap=\skip192
\mathdisplay@stack=\toks27
LaTeX Info: Redefining \[ on input line 2739.
LaTeX Info: Redefining \] on input line 2740.
)
("C:\Users\andre\AppData\Local\Programs\MiKTeX 2.9\tex\latex\newtx\newtxtext.st
y"
Package: newtxtext 2017/05/28 v1.523

`newtxtext' v1.523, 2017/05/28 Text macros taking advantage of TeX-Gyre Termes 
fonts (msharpe)
("C:\Users\andre\AppData\Local\Programs\MiKTeX 2.9\tex\latex\fontaxes\fontaxes.
sty"
Package: fontaxes 2014/03/23 v1.0d Font selection axes
LaTeX Info: Redefining \upshape on input line 29.
LaTeX Info: Redefining \itshape on input line 31.
LaTeX Info: Redefining \slshape on input line 33.
LaTeX Info: Redefining \scshape on input line 37.
)
\ntx@fs=\dimen159

("C:\Users\andre\AppData\Local\Programs\MiKTeX 2.9\tex\latex\xkeyval\xkeyval.st
y"
Package: xkeyval 2014/12/03 v2.7a package option processing (HA)

("C:\Users\andre\AppData\Local\Programs\MiKTeX 2.9\tex\generic\xkeyval\xkeyval.
tex"
("C:\Users\andre\AppData\Local\Programs\MiKTeX 2.9\tex\generic\xkeyval\xkvutils
.tex"
\XKV@toks=\toks28
\XKV@tempa@toks=\toks29

("C:\Users\andre\AppData\Local\Programs\MiKTeX 2.9\tex\generic\xkeyval\keyval.t
ex"))
\XKV@depth=\count154
File: xkeyval.tex 2014/12/03 v2.7a key=value parser (HA)
))
("C:\Users\andre\AppData\Local\Programs\MiKTeX 2.9\tex\latex\etoolbox\etoolbox.
sty"
Package: etoolbox 2017/01/02 v2.4 e-TeX tools for LaTeX (JAW)
\etb@tempcnta=\count155
)
("C:\Users\andre\AppData\Local\Programs\MiKTeX 2.9\tex\latex\base\fontenc.sty"
Package: fontenc 2005/09/27 v1.99g Standard LaTeX package

("C:\Users\andre\AppData\Local\Programs\MiKTeX 2.9\tex\latex\base\t1enc.def"
File: t1enc.def 2005/09/27 v1.99g Standard LaTeX file
LaTeX Font Info:    Redeclaring font encoding T1 on input line 48.
))
("C:\Users\andre\AppData\Local\Programs\MiKTeX 2.9\tex\latex\base\textcomp.sty"
Package: textcomp 2005/09/27 v1.99g Standard LaTeX package
Package textcomp Info: Sub-encoding information:
(textcomp)               5 = only ISO-Adobe without \textcurrency
(textcomp)               4 = 5 + \texteuro
(textcomp)               3 = 4 + \textohm
(textcomp)               2 = 3 + \textestimated + \textcurrency
(textcomp)               1 = TS1 - \textcircled - \t
(textcomp)               0 = TS1 (full)
(textcomp)             Font families with sub-encoding setting implement
(textcomp)             only a restricted character set as indicated.
(textcomp)             Family '?' is the default used for unknown fonts.
(textcomp)             See the documentation for details.
Package textcomp Info: Setting ? sub-encoding to TS1/1 on input line 79.
Package textcomp Info: Changing ? sub-encoding to TS1/0 on input line 80.
("C:\Users\andre\AppData\Local\Programs\MiKTeX 2.9\tex\latex\base\ts1enc.def"
File: ts1enc.def 2001/06/05 v3.0e (jk/car/fm) Standard LaTeX file
)
LaTeX Info: Redefining \oldstylenums on input line 334.
Package textcomp Info: Setting cmr sub-encoding to TS1/0 on input line 349.
Package textcomp Info: Setting cmss sub-encoding to TS1/0 on input line 350.
Package textcomp Info: Setting cmtt sub-encoding to TS1/0 on input line 351.
Package textcomp Info: Setting cmvtt sub-encoding to TS1/0 on input line 352.
Package textcomp Info: Setting cmbr sub-encoding to TS1/0 on input line 353.
Package textcomp Info: Setting cmtl sub-encoding to TS1/0 on input line 354.
Package textcomp Info: Setting ccr sub-encoding to TS1/0 on input line 355.
Package textcomp Info: Setting ptm sub-encoding to TS1/4 on input line 356.
Package textcomp Info: Setting pcr sub-encoding to TS1/4 on input line 357.
Package textcomp Info: Setting phv sub-encoding to TS1/4 on input line 358.
Package textcomp Info: Setting ppl sub-encoding to TS1/3 on input line 359.
Package textcomp Info: Setting pag sub-encoding to TS1/4 on input line 360.
Package textcomp Info: Setting pbk sub-encoding to TS1/4 on input line 361.
Package textcomp Info: Setting pnc sub-encoding to TS1/4 on input line 362.
Package textcomp Info: Setting pzc sub-encoding to TS1/4 on input line 363.
Package textcomp Info: Setting bch sub-encoding to TS1/4 on input line 364.
Package textcomp Info: Setting put sub-encoding to TS1/5 on input line 365.
Package textcomp Info: Setting uag sub-encoding to TS1/5 on input line 366.
Package textcomp Info: Setting ugq sub-encoding to TS1/5 on input line 367.
Package textcomp Info: Setting ul8 sub-encoding to TS1/4 on input line 368.
Package textcomp Info: Setting ul9 sub-encoding to TS1/4 on input line 369.
Package textcomp Info: Setting augie sub-encoding to TS1/5 on input line 370.
Package textcomp Info: Setting dayrom sub-encoding to TS1/3 on input line 371.
Package textcomp Info: Setting dayroms sub-encoding to TS1/3 on input line 372.

Package textcomp Info: Setting pxr sub-encoding to TS1/0 on input line 373.
Package textcomp Info: Setting pxss sub-encoding to TS1/0 on input line 374.
Package textcomp Info: Setting pxtt sub-encoding to TS1/0 on input line 375.
Package textcomp Info: Setting txr sub-encoding to TS1/0 on input line 376.
Package textcomp Info: Setting txss sub-encoding to TS1/0 on input line 377.
Package textcomp Info: Setting txtt sub-encoding to TS1/0 on input line 378.
Package textcomp Info: Setting lmr sub-encoding to TS1/0 on input line 379.
Package textcomp Info: Setting lmdh sub-encoding to TS1/0 on input line 380.
Package textcomp Info: Setting lmss sub-encoding to TS1/0 on input line 381.
Package textcomp Info: Setting lmssq sub-encoding to TS1/0 on input line 382.
Package textcomp Info: Setting lmvtt sub-encoding to TS1/0 on input line 383.
Package textcomp Info: Setting lmtt sub-encoding to TS1/0 on input line 384.
Package textcomp Info: Setting qhv sub-encoding to TS1/0 on input line 385.
Package textcomp Info: Setting qag sub-encoding to TS1/0 on input line 386.
Package textcomp Info: Setting qbk sub-encoding to TS1/0 on input line 387.
Package textcomp Info: Setting qcr sub-encoding to TS1/0 on input line 388.
Package textcomp Info: Setting qcs sub-encoding to TS1/0 on input line 389.
Package textcomp Info: Setting qpl sub-encoding to TS1/0 on input line 390.
Package textcomp Info: Setting qtm sub-encoding to TS1/0 on input line 391.
Package textcomp Info: Setting qzc sub-encoding to TS1/0 on input line 392.
Package textcomp Info: Setting qhvc sub-encoding to TS1/0 on input line 393.
Package textcomp Info: Setting futs sub-encoding to TS1/4 on input line 394.
Package textcomp Info: Setting futx sub-encoding to TS1/4 on input line 395.
Package textcomp Info: Setting futj sub-encoding to TS1/4 on input line 396.
Package textcomp Info: Setting hlh sub-encoding to TS1/3 on input line 397.
Package textcomp Info: Setting hls sub-encoding to TS1/3 on input line 398.
Package textcomp Info: Setting hlst sub-encoding to TS1/3 on input line 399.
Package textcomp Info: Setting hlct sub-encoding to TS1/5 on input line 400.
Package textcomp Info: Setting hlx sub-encoding to TS1/5 on input line 401.
Package textcomp Info: Setting hlce sub-encoding to TS1/5 on input line 402.
Package textcomp Info: Setting hlcn sub-encoding to TS1/5 on input line 403.
Package textcomp Info: Setting hlcw sub-encoding to TS1/5 on input line 404.
Package textcomp Info: Setting hlcf sub-encoding to TS1/5 on input line 405.
Package textcomp Info: Setting pplx sub-encoding to TS1/3 on input line 406.
Package textcomp Info: Setting pplj sub-encoding to TS1/3 on input line 407.
Package textcomp Info: Setting ptmx sub-encoding to TS1/4 on input line 408.
Package textcomp Info: Setting ptmj sub-encoding to TS1/4 on input line 409.
))
("C:\Users\andre\AppData\Local\Programs\MiKTeX 2.9\tex\latex\newtx\newtxmath.st
y"
Package: newtxmath 2017/05/31 v1.524
 `newtxmath' v1.524, 2017/05/31 Math macros based on txfonts (msharpe)
("C:\Users\andre\AppData\Local\Programs\MiKTeX 2.9\tex\generic\binhex\binhex.te
x")
\tx@Isdigit=\count156
LaTeX Font Info:    Redeclaring symbol font `operators' on input line 153.
LaTeX Font Info:    Overwriting symbol font `operators' in version `normal'
(Font)                  OT1/lmr/m/n --> OT1/ntxtlf/m/n on input line 153.
LaTeX Font Info:    Overwriting symbol font `operators' in version `bold'
(Font)                  OT1/lmr/bx/n --> OT1/ntxtlf/m/n on input line 153.
LaTeX Font Info:    Overwriting symbol font `operators' in version `bold'
(Font)                  OT1/ntxtlf/m/n --> OT1/ntxtlf/b/n on input line 154.
LaTeX Font Info:    Redeclaring math alphabet \mathsf on input line 160.
LaTeX Font Info:    Overwriting math alphabet `\mathsf' in version `normal'
(Font)                  OT1/lmss/m/n --> T1/qhv/m/n on input line 160.
LaTeX Font Info:    Overwriting math alphabet `\mathsf' in version `bold'
(Font)                  OT1/lmss/bx/n --> T1/qhv/m/n on input line 160.
LaTeX Font Info:    Redeclaring math alphabet \mathit on input line 161.
LaTeX Font Info:    Overwriting math alphabet `\mathit' in version `normal'
(Font)                  OT1/lmr/m/it --> OT1/ntxtlf/m/it on input line 161.
LaTeX Font Info:    Overwriting math alphabet `\mathit' in version `bold'
(Font)                  OT1/lmr/bx/it --> OT1/ntxtlf/m/it on input line 161.
LaTeX Font Info:    Redeclaring math alphabet \mathtt on input line 162.
LaTeX Font Info:    Overwriting math alphabet `\mathtt' in version `normal'
(Font)                  OT1/lmtt/m/n --> T1/ntxtt/m/n on input line 162.
LaTeX Font Info:    Overwriting math alphabet `\mathtt' in version `bold'
(Font)                  OT1/lmtt/m/n --> T1/ntxtt/m/n on input line 162.
LaTeX Font Info:    Redeclaring math alphabet \mathbf on input line 164.
LaTeX Font Info:    Overwriting math alphabet `\mathbf' in version `normal'
(Font)                  OT1/lmr/bx/n --> OT1/ntxtlf/b/n on input line 164.
LaTeX Font Info:    Overwriting math alphabet `\mathbf' in version `bold'
(Font)                  OT1/lmr/bx/n --> OT1/ntxtlf/b/n on input line 164.
LaTeX Font Info:    Overwriting math alphabet `\mathit' in version `bold'
(Font)                  OT1/ntxtlf/m/it --> OT1/ntxtlf/b/it on input line 165.
LaTeX Font Info:    Overwriting math alphabet `\mathsf' in version `bold'
(Font)                  T1/qhv/m/n --> T1/qhv/b/n on input line 166.
LaTeX Font Info:    Overwriting math alphabet `\mathtt' in version `bold'
(Font)                  T1/ntxtt/m/n --> T1/ntxtt/b/n on input line 167.
LaTeX Font Info:    Redeclaring symbol font `letters' on input line 218.
LaTeX Font Info:    Overwriting symbol font `letters' in version `normal'
(Font)                  OML/lmm/m/it --> OML/ntxmi/m/it on input line 218.
LaTeX Font Info:    Overwriting symbol font `letters' in version `bold'
(Font)                  OML/lmm/b/it --> OML/ntxmi/m/it on input line 218.
LaTeX Font Info:    Overwriting symbol font `letters' in version `bold'
(Font)                  OML/ntxmi/m/it --> OML/ntxmi/b/it on input line 219.
\symlettersA=\mathgroup6
LaTeX Font Info:    Overwriting symbol font `lettersA' in version `bold'
(Font)                  U/ntxmia/m/it --> U/ntxmia/b/it on input line 235.
LaTeX Font Info:    Redeclaring math alphabet \mathfrak on input line 237.
LaTeX Font Info:    Redeclaring symbol font `symbols' on input line 256.
LaTeX Font Info:    Encoding `OMS' has changed to `LMS' for symbol font
(Font)              `symbols' in the math version `normal' on input line 256.
LaTeX Font Info:    Overwriting symbol font `symbols' in version `normal'
(Font)                  OMS/lmsy/m/n --> LMS/ntxsy/m/n on input line 256.
LaTeX Font Info:    Encoding `OMS' has changed to `LMS' for symbol font
(Font)              `symbols' in the math version `bold' on input line 256.
LaTeX Font Info:    Overwriting symbol font `symbols' in version `bold'
(Font)                  OMS/lmsy/b/n --> LMS/ntxsy/m/n on input line 256.
LaTeX Font Info:    Overwriting symbol font `symbols' in version `bold'
(Font)                  LMS/ntxsy/m/n --> LMS/ntxsy/b/n on input line 257.
\symAMSm=\mathgroup7
LaTeX Font Info:    Overwriting symbol font `AMSm' in version `bold'
(Font)                  U/ntxsym/m/n --> U/ntxsym/b/n on input line 280.
\symsymbolsC=\mathgroup8
LaTeX Font Info:    Overwriting symbol font `symbolsC' in version `bold'
(Font)                  U/ntxsyc/m/n --> U/ntxsyc/b/n on input line 301.
LaTeX Font Info:    Redeclaring symbol font `largesymbols' on input line 314.
LaTeX Font Info:    Encoding `OMX' has changed to `LMX' for symbol font
(Font)              `largesymbols' in the math version `normal' on input line 3
14.
LaTeX Font Info:    Overwriting symbol font `largesymbols' in version `normal'
(Font)                  OMX/lmex/m/n --> LMX/ntxexx/m/n on input line 314.
LaTeX Font Info:    Encoding `OMX' has changed to `LMX' for symbol font
(Font)              `largesymbols' in the math version `bold' on input line 314
.
LaTeX Font Info:    Overwriting symbol font `largesymbols' in version `bold'
(Font)                  OMX/lmex/m/n --> LMX/ntxexx/m/n on input line 314.
LaTeX Font Info:    Overwriting symbol font `largesymbols' in version `bold'
(Font)                  LMX/ntxexx/m/n --> LMX/ntxexx/b/n on input line 315.
\symlargesymbolsTXA=\mathgroup9
LaTeX Font Info:    Overwriting symbol font `largesymbolsTXA' in version `bold'

(Font)                  U/ntxexa/m/n --> U/ntxexa/b/n on input line 329.
LaTeX Font Info:    Redeclaring math delimiter \lgroup on input line 500.
LaTeX Font Info:    Redeclaring math delimiter \rgroup on input line 501.
LaTeX Font Info:    Redeclaring math delimiter \lmoustache on input line 502.
LaTeX Font Info:    Redeclaring math delimiter \rmoustache on input line 503.
LaTeX Font Info:    Redeclaring math delimiter \lfloor on input line 509.
LaTeX Font Info:    Redeclaring math delimiter \rfloor on input line 510.
LaTeX Font Info:    Redeclaring math delimiter \lceil on input line 511.
LaTeX Font Info:    Redeclaring math delimiter \rceil on input line 512.
LaTeX Font Info:    Redeclaring math delimiter \lbrace on input line 513.
LaTeX Font Info:    Redeclaring math delimiter \rbrace on input line 514.
LaTeX Font Info:    Redeclaring math delimiter \langle on input line 515.
LaTeX Font Info:    Redeclaring math delimiter \rangle on input line 517.
LaTeX Font Info:    Redeclaring math symbol \mid on input line 519.
LaTeX Font Info:    Redeclaring math delimiter \arrowvert on input line 521.
LaTeX Font Info:    Redeclaring math delimiter \vert on input line 522.
LaTeX Font Info:    Redeclaring math symbol \parallel on input line 523.
LaTeX Font Info:    Redeclaring math delimiter \Arrowvert on input line 524.
LaTeX Font Info:    Redeclaring math delimiter \Vert on input line 525.
LaTeX Font Info:    Redeclaring math delimiter \updownarrow on input line 527.
LaTeX Font Info:    Redeclaring math delimiter \Updownarrow on input line 528.
LaTeX Font Info:    Redeclaring math delimiter \lvert on input line 533.
LaTeX Font Info:    Redeclaring math delimiter \rvert on input line 534.
LaTeX Font Info:    Redeclaring math delimiter \lVert on input line 535.
LaTeX Font Info:    Redeclaring math delimiter \rVert on input line 536.
LaTeX Info: Redefining \not on input line 2100.
)
LaTeX Font Info:    Redeclaring math alphabet \mathbf on input line 123.
LaTeX Font Info:    Overwriting math alphabet `\mathbf' in version `normal'
(Font)                  OT1/ntxtlf/b/n --> OML/ntxmi/bx/it on input line 123.
LaTeX Font Info:    Overwriting math alphabet `\mathbf' in version `bold'
(Font)                  OT1/ntxtlf/b/n --> OML/ntxmi/bx/it on input line 123.

("C:\Users\andre\AppData\Local\Programs\MiKTeX 2.9\tex\latex\newtx\t1ntxtt.fd"
File: t1ntxtt.fd 2012/04/20 v3.1
)
LaTeX Font Info:    Redeclaring math symbol \alpha on input line 145.
LaTeX Font Info:    Redeclaring math symbol \beta on input line 146.
LaTeX Font Info:    Redeclaring math symbol \gamma on input line 147.
LaTeX Font Info:    Redeclaring math symbol \delta on input line 148.
LaTeX Font Info:    Redeclaring math symbol \epsilon on input line 149.
LaTeX Font Info:    Redeclaring math symbol \zeta on input line 150.
LaTeX Font Info:    Redeclaring math symbol \eta on input line 151.
LaTeX Font Info:    Redeclaring math symbol \theta on input line 152.
LaTeX Font Info:    Redeclaring math symbol \iota on input line 153.
LaTeX Font Info:    Redeclaring math symbol \kappa on input line 154.
LaTeX Font Info:    Redeclaring math symbol \lambda on input line 155.
LaTeX Font Info:    Redeclaring math symbol \mu on input line 156.
LaTeX Font Info:    Redeclaring math symbol \nu on input line 157.
LaTeX Font Info:    Redeclaring math symbol \xi on input line 158.
LaTeX Font Info:    Redeclaring math symbol \pi on input line 159.
LaTeX Font Info:    Redeclaring math symbol \rho on input line 160.
LaTeX Font Info:    Redeclaring math symbol \sigma on input line 161.
LaTeX Font Info:    Redeclaring math symbol \tau on input line 162.
LaTeX Font Info:    Redeclaring math symbol \upsilon on input line 163.
LaTeX Font Info:    Redeclaring math symbol \phi on input line 164.
LaTeX Font Info:    Redeclaring math symbol \chi on input line 165.
LaTeX Font Info:    Redeclaring math symbol \psi on input line 166.
LaTeX Font Info:    Redeclaring math symbol \omega on input line 167.
LaTeX Font Info:    Redeclaring math symbol \varepsilon on input line 168.
LaTeX Font Info:    Redeclaring math symbol \vartheta on input line 169.
LaTeX Font Info:    Redeclaring math symbol \varpi on input line 170.
LaTeX Font Info:    Redeclaring math symbol \varrho on input line 171.
LaTeX Font Info:    Redeclaring math symbol \varsigma on input line 172.
LaTeX Font Info:    Redeclaring math symbol \varphi on input line 173.
LaTeX Font Info:    Redeclaring math symbol \Gamma on input line 175.
LaTeX Font Info:    Redeclaring math symbol \Delta on input line 176.
LaTeX Font Info:    Redeclaring math symbol \Theta on input line 177.
LaTeX Font Info:    Redeclaring math symbol \Lambda on input line 178.
LaTeX Font Info:    Redeclaring math symbol \Xi on input line 179.
LaTeX Font Info:    Redeclaring math symbol \Pi on input line 180.
LaTeX Font Info:    Redeclaring math symbol \Sigma on input line 181.
LaTeX Font Info:    Redeclaring math symbol \Upsilon on input line 182.
LaTeX Font Info:    Redeclaring math symbol \Phi on input line 183.
LaTeX Font Info:    Redeclaring math symbol \Psi on input line 184.
LaTeX Font Info:    Redeclaring math symbol \Omega on input line 185.
("C:\Users\andre\AppData\Local\Programs\MiKTeX 2.9\tex\latex\base\fontenc.sty"
Package: fontenc 2005/09/27 v1.99g Standard LaTeX package

("C:\Users\andre\AppData\Local\Programs\MiKTeX 2.9\tex\latex\base\t1enc.def"
File: t1enc.def 2005/09/27 v1.99g Standard LaTeX file
LaTeX Font Info:    Redeclaring font encoding T1 on input line 48.
))
("C:\Users\andre\AppData\Local\Programs\MiKTeX 2.9\tex\latex\graphics\graphicx.
sty"
Package: graphicx 2014/10/28 v1.0g Enhanced LaTeX Graphics (DPC,SPQR)

("C:\Users\andre\AppData\Local\Programs\MiKTeX 2.9\tex\latex\graphics\graphics.
sty"
Package: graphics 2016/05/09 v1.0r Standard LaTeX Graphics (DPC,SPQR)

("C:\Users\andre\AppData\Local\Programs\MiKTeX 2.9\tex\latex\graphics\trig.sty"
Package: trig 2016/01/03 v1.10 sin cos tan (DPC)
)
("C:\Users\andre\AppData\Local\Programs\MiKTeX 2.9\tex\latex\00miktex\graphics.
cfg"
File: graphics.cfg 2016/01/02 v1.10 sample graphics configuration
)
Package graphics Info: Driver file: pdftex.def on input line 96.
)
\Gin@req@height=\dimen160
\Gin@req@width=\dimen161
)
("C:\Users\andre\AppData\Local\Programs\MiKTeX 2.9\tex\latex\rotating\rotating.
sty"
Package: rotating 2009/03/28 v2.16a rotated objects in LaTeX

("C:\Users\andre\AppData\Local\Programs\MiKTeX 2.9\tex\latex\base\ifthen.sty"
Package: ifthen 2014/09/29 v1.1c Standard LaTeX ifthen package (DPC)
)
\c@r@tfl@t=\count157
\rotFPtop=\skip193
\rotFPbot=\skip194
\rot@float@box=\box32
\rot@mess@toks=\toks30
)
("C:\Users\andre\AppData\Local\Programs\MiKTeX 2.9\tex\latex\pdfpages\pdfpages.
sty"
Package: pdfpages 2016/04/19 v0.5f Insert pages of external PDF documents (AM)

("C:\Users\andre\AppData\Local\Programs\MiKTeX 2.9\tex\latex\eso-pic\eso-pic.st
y"
Package: eso-pic 2015/07/21 v2.0g eso-pic (RN)

("C:\Users\andre\AppData\Local\Programs\MiKTeX 2.9\tex\generic\oberdiek\atbegsh
i.sty"
Package: atbegshi 2016/05/16 v1.17 At begin shipout hook (HO)
))
\AM@pagewidth=\dimen162
\AM@pageheight=\dimen163

("C:\Users\andre\AppData\Local\Programs\MiKTeX 2.9\tex\latex\pdfpages\pppdftex.
def"
File: pppdftex.def 2016/04/19 v0.5f Pdfpages driver for pdfTeX (AM)
)
\AM@pagebox=\box33
\AM@global@opts=\toks31
\AM@toc@title=\toks32
\c@AM@survey=\count158
\AM@templatesizebox=\box34
)
("C:\Users\andre\AppData\Local\Programs\MiKTeX 2.9\tex\latex\hyperref\hyperref.
sty"
Package: hyperref 2016/05/21 v6.83p Hypertext links for LaTeX

("C:\Users\andre\AppData\Local\Programs\MiKTeX 2.9\tex\generic\oberdiek\hobsub-
hyperref.sty"
Package: hobsub-hyperref 2016/05/16 v1.14 Bundle oberdiek, subset hyperref (HO)


("C:\Users\andre\AppData\Local\Programs\MiKTeX 2.9\tex\generic\oberdiek\hobsub-
generic.sty"
Package: hobsub-generic 2016/05/16 v1.14 Bundle oberdiek, subset generic (HO)
Package: hobsub 2016/05/16 v1.14 Construct package bundles (HO)
Package hobsub Info: Skipping package `infwarerr' (already loaded).
Package hobsub Info: Skipping package `ltxcmds' (already loaded).
Package hobsub Info: Skipping package `ifluatex' (already loaded).
Package: ifvtex 2016/05/16 v1.6 Detect VTeX and its facilities (HO)
Package ifvtex Info: VTeX not detected.
Package: intcalc 2016/05/16 v1.2 Expandable calculations with integers (HO)
Package hobsub Info: Skipping package `ifpdf' (already loaded).
Package: etexcmds 2016/05/16 v1.6 Avoid name clashes with e-TeX commands (HO)
Package etexcmds Info: Could not find \expanded.
(etexcmds)             That can mean that you are not using pdfTeX 1.50 or
(etexcmds)             that some package has redefined \expanded.
(etexcmds)             In the latter case, load this package earlier.
Package: kvsetkeys 2016/05/16 v1.17 Key value parser (HO)
Package: kvdefinekeys 2016/05/16 v1.4 Define keys (HO)
Package: pdftexcmds 2016/05/21 v0.22 Utility functions of pdfTeX for LuaTeX (HO
)
Package pdftexcmds Info: LuaTeX not detected.
Package pdftexcmds Info: \pdf@primitive is available.
Package pdftexcmds Info: \pdf@ifprimitive is available.
Package pdftexcmds Info: \pdfdraftmode found.
Package: pdfescape 2016/05/16 v1.14 Implements pdfTeX's escape features (HO)
Package: bigintcalc 2016/05/16 v1.4 Expandable calculations on big integers (HO
)
Package: bitset 2016/05/16 v1.2 Handle bit-vector datatype (HO)
Package: uniquecounter 2016/05/16 v1.3 Provide unlimited unique counter (HO)
)
Package hobsub Info: Skipping package `hobsub' (already loaded).
Package: letltxmacro 2016/05/16 v1.5 Let assignment for LaTeX macros (HO)
Package: hopatch 2016/05/16 v1.3 Wrapper for package hooks (HO)
Package: xcolor-patch 2016/05/16 xcolor patch
Package: atveryend 2016/05/16 v1.9 Hooks at the very end of document (HO)
Package hobsub Info: Skipping package `atbegshi' (already loaded).
Package: refcount 2016/05/16 v3.5 Data extraction from label references (HO)
Package: hycolor 2016/05/16 v1.8 Color options for hyperref/bookmark (HO)
)
("C:\Users\andre\AppData\Local\Programs\MiKTeX 2.9\tex\latex\oberdiek\auxhook.s
ty"
Package: auxhook 2016/05/16 v1.4 Hooks for auxiliary files (HO)
)
("C:\Users\andre\AppData\Local\Programs\MiKTeX 2.9\tex\latex\oberdiek\kvoptions
.sty"
Package: kvoptions 2016/05/16 v3.12 Key value format for package options (HO)
)
\@linkdim=\dimen164
\Hy@linkcounter=\count159
\Hy@pagecounter=\count160

("C:\Users\andre\AppData\Local\Programs\MiKTeX 2.9\tex\latex\hyperref\pd1enc.de
f"
File: pd1enc.def 2016/05/21 v6.83p Hyperref: PDFDocEncoding definition (HO)
)
\Hy@SavedSpaceFactor=\count161

("C:\Users\andre\AppData\Local\Programs\MiKTeX 2.9\tex\latex\00miktex\hyperref.
cfg"
File: hyperref.cfg 2002/06/06 v1.2 hyperref configuration of TeXLive
)
Package hyperref Info: Hyper figures OFF on input line 4486.
Package hyperref Info: Link nesting OFF on input line 4491.
Package hyperref Info: Hyper index ON on input line 4494.
Package hyperref Info: Plain pages OFF on input line 4501.
Package hyperref Info: Backreferencing OFF on input line 4506.
Package hyperref Info: Implicit mode ON; LaTeX internals redefined.
Package hyperref Info: Bookmarks ON on input line 4735.
\c@Hy@tempcnt=\count162
 ("C:\Users\andre\AppData\Local\Programs\MiKTeX 2.9\tex\latex\url\url.sty"
\Urlmuskip=\muskip11
Package: url 2013/09/16  ver 3.4  Verb mode for urls, etc.
)
LaTeX Info: Redefining \url on input line 5088.
\XeTeXLinkMargin=\dimen165
\Fld@menulength=\count163
\Field@Width=\dimen166
\Fld@charsize=\dimen167
Package hyperref Info: Hyper figures OFF on input line 6342.
Package hyperref Info: Link nesting OFF on input line 6347.
Package hyperref Info: Hyper index ON on input line 6350.
Package hyperref Info: backreferencing OFF on input line 6357.
Package hyperref Info: Link coloring OFF on input line 6362.
Package hyperref Info: Link coloring with OCG OFF on input line 6367.
Package hyperref Info: PDF/A mode OFF on input line 6372.
LaTeX Info: Redefining \ref on input line 6412.
LaTeX Info: Redefining \pageref on input line 6416.
\Hy@abspage=\count164
\c@Item=\count165
\c@Hfootnote=\count166
)
("C:\Users\andre\AppData\Local\Programs\MiKTeX 2.9\tex\latex\memoir\memhfixc.st
y"
Package: memhfixc 2013/05/30 v1.17 nameref/hyperref package fixes for memoir cl
ass
\c@memhycontfloat=\count167
\c@Hpagenote=\count168
)

Package hyperref Message: Driver (autodetected): hpdftex.


("C:\Users\andre\AppData\Local\Programs\MiKTeX 2.9\tex\latex\hyperref\hpdftex.d
ef"
File: hpdftex.def 2016/05/21 v6.83p Hyperref driver for pdfTeX
\Fld@listcount=\count169
\c@bookmark@seq@number=\count170

("C:\Users\andre\AppData\Local\Programs\MiKTeX 2.9\tex\latex\oberdiek\rerunfile
check.sty"
Package: rerunfilecheck 2016/05/16 v1.8 Rerun checks for auxiliary files (HO)
Package uniquecounter Info: New unique counter `rerunfilecheck' on input line 2
82.
)
\Hy@SectionHShift=\skip256
)

Package hyperref Warning: Option `bookmarks' has already been used,
(hyperref)                setting the option has no effect on input line 244.

Package hyperref Info: Option `bookmarksopen' set `false' on input line 244.
Package hyperref Info: Option `bookmarksnumbered' set `true' on input line 244.

Package hyperref Info: Option `colorlinks' set `true' on input line 254.
("C:\Users\andre\AppData\Local\Programs\MiKTeX 2.9\tex\latex\cite\cite.sty"
LaTeX Info: Redefining \cite on input line 302.
LaTeX Info: Redefining \nocite on input line 332.
Package: cite 2015/02/27  v 5.5
))
LaTeX Font Info:    Try loading font information for T1+ntxtlf on input line 33
.

("C:\Users\andre\AppData\Local\Programs\MiKTeX 2.9\tex\latex\newtx\t1ntxtlf.fd"
File: t1ntxtlf.fd 2015/01/17 v1.0 font definition file for T1/ntx/tlf
)
LaTeX Font Info:    Font shape `T1/ntxtlf/m/n' will be
(Font)              scaled to size 10.95pt on input line 33.
 (thesis.aux (OTHER/titlepage.aux) (OTHER/contents.aux) (OTHER/figures.aux)
(OTHER/tables.aux) (OTHER/abstract.aux) (OTHER/declaration.aux)
(OTHER/copyright.aux) (OTHER/thanks.aux) (I/introduction.aux) (T/theory.aux)
(D/detector.aux) (ES/eventSelection.aux) (ObP/objectPerformance.aux)
(K/kinematics.aux) (C/conclusions.aux) (APP/files.aux) (APP/bdt.aux)
(OTHER/references.aux))
\openout1 = `thesis.aux'.

LaTeX Font Info:    Checking defaults for OML/ntxmi/m/it on input line 33.
LaTeX Font Info:    Try loading font information for OML+ntxmi on input line 33
.

("C:\Users\andre\AppData\Local\Programs\MiKTeX 2.9\tex\latex\newtx\omlntxmi.fd"
File: omlntxmi.fd 2015/08/25 Fontinst v1.933 font definitions for OML/ntxmi.
)
LaTeX Font Info:    ... okay on input line 33.
LaTeX Font Info:    Checking defaults for T1/cmr/m/n on input line 33.
LaTeX Font Info:    ... okay on input line 33.
LaTeX Font Info:    Checking defaults for OT1/cmr/m/n on input line 33.
LaTeX Font Info:    ... okay on input line 33.
LaTeX Font Info:    Checking defaults for OMS/cmsy/m/n on input line 33.
LaTeX Font Info:    ... okay on input line 33.
LaTeX Font Info:    Checking defaults for OMX/cmex/m/n on input line 33.
LaTeX Font Info:    ... okay on input line 33.
LaTeX Font Info:    Checking defaults for U/ntxexa/m/n on input line 33.
LaTeX Font Info:    Try loading font information for U+ntxexa on input line 33.

 ("C:\Users\andre\AppData\Local\Programs\MiKTeX 2.9\tex\latex\newtx\untxexa.fd"
File: untxexa.fd 2012/04/16 Fontinst v1.933 font definitions for U/ntxexa.
)
LaTeX Font Info:    ... okay on input line 33.
LaTeX Font Info:    Checking defaults for TS1/cmr/m/n on input line 33.
LaTeX Font Info:    Try loading font information for TS1+cmr on input line 33.
 ("C:\Users\andre\AppData\Local\Programs\MiKTeX 2.9\tex\latex\base\ts1cmr.fd"
File: ts1cmr.fd 2014/09/29 v2.5h Standard LaTeX font definitions
)
LaTeX Font Info:    ... okay on input line 33.
LaTeX Font Info:    Checking defaults for LMS/ntxsy/m/n on input line 33.
LaTeX Font Info:    Try loading font information for LMS+ntxsy on input line 33
.
 ("C:\Users\andre\AppData\Local\Programs\MiKTeX 2.9\tex\latex\newtx\lmsntxsy.fd
"
File: lmsntxsy.fd 2016/07/02 Fontinst v1.933 font definitions for LMS/ntxsy.
)
LaTeX Font Info:    ... okay on input line 33.
LaTeX Font Info:    Checking defaults for LMX/ntxexx/m/n on input line 33.
LaTeX Font Info:    Try loading font information for LMX+ntxexx on input line 3
3.

("C:\Users\andre\AppData\Local\Programs\MiKTeX 2.9\tex\latex\newtx\lmxntxexx.fd
"
File: lmxntxexx.fd 2016/07/03 Fontinst v1.933 font definitions for LMX/ntxexx.
)
LaTeX Font Info:    ... okay on input line 33.
LaTeX Font Info:    Checking defaults for PD1/pdf/m/n on input line 33.
LaTeX Font Info:    ... okay on input line 33.

("C:\Users\andre\AppData\Local\Programs\MiKTeX 2.9\tex\context\base\supp-pdf.mk
ii"
[Loading MPS to PDF converter (version 2006.09.02).]
\scratchcounter=\count171
\scratchdimen=\dimen168
\scratchbox=\box35
\nofMPsegments=\count172
\nofMParguments=\count173
\everyMPshowfont=\toks33
\MPscratchCnt=\count174
\MPscratchDim=\dimen169
\MPnumerator=\count175
\makeMPintoPDFobject=\count176
\everyMPtoPDFconversion=\toks34
)
\c@mv@tabular=\count177
\c@mv@boldtabular=\count178

("C:\Users\andre\AppData\Local\Programs\MiKTeX 2.9\tex\latex\oberdiek\epstopdf-
base.sty"
Package: epstopdf-base 2016/05/15 v2.6 Base part for package epstopdf

("C:\Users\andre\AppData\Local\Programs\MiKTeX 2.9\tex\latex\oberdiek\grfext.st
y"
Package: grfext 2016/05/16 v1.2 Manage graphics extensions (HO)
)
Package grfext Info: Graphics extension search list:
(grfext)             [.png,.pdf,.jpg,.mps,.jpeg,.jbig2,.jb2,.PNG,.PDF,.JPG,.JPE
G,.JBIG2,.JB2,.eps]
(grfext)             \AppendGraphicsExtensions on input line 456.
)
\AtBeginShipoutBox=\box36

("C:\Users\andre\AppData\Local\Programs\MiKTeX 2.9\tex\latex\oberdiek\pdflscape
.sty"
Package: pdflscape 2016/05/14 v0.11 Display of landscape pages in PDF (HO)

("C:\Users\andre\AppData\Local\Programs\MiKTeX 2.9\tex\latex\graphics\lscape.st
y"
Package: lscape 2000/10/22 v3.01 Landscape Pages (DPC)
)
Package pdflscape Info: Auto-detected driver: pdftex on input line 81.
)
Package hyperref Info: Link coloring ON on input line 33.

("C:\Users\andre\AppData\Local\Programs\MiKTeX 2.9\tex\latex\hyperref\nameref.s
ty"
Package: nameref 2016/05/21 v2.44 Cross-referencing by name of section

("C:\Users\andre\AppData\Local\Programs\MiKTeX 2.9\tex\generic\oberdiek\gettitl
estring.sty"
Package: gettitlestring 2016/05/16 v1.5 Cleanup title references (HO)
)
\c@section@level=\count179
)
Redoing nameref's sectioning
Redoing nameref's label
LaTeX Info: Redefining \nameref on input line 33.
LaTeX Info: Redefining \ref on input line 33.
LaTeX Info: Redefining \pageref on input line 33.
LaTeX Info: Redefining \nameref on input line 33.
(thesis.out) (thesis.out)
\@outlinefile=\write4
\openout4 = `thesis.out'.

\openout2 = `OTHER/titlepage.aux'.

 (OTHER/titlepage.tex
LaTeX Font Info:    Font shape `T1/ntxtlf/m/n' will be
(Font)              scaled to size 20.74pt on input line 10.
LaTeX Font Info:    Font shape `T1/ntxtlf/bx/n' in size <20.74> not available
(Font)              Font shape `T1/ntxtlf/b/n' tried instead on input line 16.
LaTeX Font Info:    Font shape `T1/ntxtlf/b/n' will be
(Font)              scaled to size 20.74pt on input line 16.
LaTeX Font Info:    Font shape `T1/ntxtlf/m/n' will be
(Font)              scaled to size 17.28pt on input line 18.
LaTeX Font Info:    Font shape `T1/ntxtlf/m/n' will be
(Font)              scaled to size 12.0pt on input line 19.

<UniOfManchesterLogo.png, id=183, 513.92pt x 216.81pt>
File: UniOfManchesterLogo.png Graphic file (type png)

<use UniOfManchesterLogo.png>
Package pdftex.def Info: UniOfManchesterLogo.png used on input line 20.
(pdftex.def)             Requested size: 142.26378pt x 60.01826pt.
LaTeX Font Info:    Font shape `T1/ntxtlf/m/n' will be
(Font)              scaled to size 14.4pt on input line 21.
 [1



{C:/Users/andre/AppData/Local/MiKTeX/2.9/pdftex/config/pdftex.map} <./UniOfManc
hesterLogo.png>])
\openout2 = `OTHER/contents.aux'.

 (OTHER/contents.tex
LaTeX Font Info:    Font shape `T1/ntxtlf/bx/sc' in size <20.74> not available
(Font)              Font shape `T1/ntxtlf/b/sc' tried instead on input line 9.
LaTeX Font Info:    Font shape `T1/ntxtlf/b/sc' will be
(Font)              scaled to size 20.74pt on input line 9.

(thesis.toc
LaTeX Font Info:    Font shape `T1/ntxtlf/bx/n' in size <10.95> not available
(Font)              Font shape `T1/ntxtlf/b/n' tried instead on input line 2.
LaTeX Font Info:    Font shape `T1/ntxtlf/b/n' will be
(Font)              scaled to size 10.95pt on input line 2.
LaTeX Font Info:    Try loading font information for OT1+ntxtlf on input line 2
.

("C:\Users\andre\AppData\Local\Programs\MiKTeX 2.9\tex\latex\newtx\ot1ntxtlf.fd
"
File: ot1ntxtlf.fd 2015/01/17 v1.0 font definition file for OT1/ntx/tlf
)
LaTeX Font Info:    Font shape `OT1/ntxtlf/m/n' will be
(Font)              scaled to size 10.95pt on input line 2.
LaTeX Font Info:    Font shape `OT1/ntxtlf/m/n' will be
(Font)              scaled to size 8.0pt on input line 2.
LaTeX Font Info:    Font shape `OT1/ntxtlf/m/n' will be
(Font)              scaled to size 6.1pt on input line 2.
LaTeX Font Info:    Try loading font information for U+msa on input line 2.
 ("C:\Users\andre\AppData\Local\Programs\MiKTeX 2.9\tex\latex\amsfonts\umsa.fd"
File: umsa.fd 2013/01/14 v3.01 AMS symbols A
)
LaTeX Font Info:    Try loading font information for U+msb on input line 2.

("C:\Users\andre\AppData\Local\Programs\MiKTeX 2.9\tex\latex\amsfonts\umsb.fd"
File: umsb.fd 2013/01/14 v3.01 AMS symbols B
)
LaTeX Font Info:    Try loading font information for U+ntxmia on input line 2.
("C:\Users\andre\AppData\Local\Programs\MiKTeX 2.9\tex\latex\newtx\untxmia.fd"
File: untxmia.fd 2016/01/31 Fontinst v1.933 font definitions for U/ntxmia.
)
LaTeX Font Info:    Try loading font information for U+ntxsym on input line 2.
("C:\Users\andre\AppData\Local\Programs\MiKTeX 2.9\tex\latex\newtx\untxsym.fd"
File: untxsym.fd 2015/03/20 Fontinst v1.933 font definitions for U/ntxsym.
)
LaTeX Font Info:    Try loading font information for U+ntxsyc on input line 2.
("C:\Users\andre\AppData\Local\Programs\MiKTeX 2.9\tex\latex\newtx\untxsyc.fd"
File: untxsyc.fd 2012/04/12 Fontinst v1.933 font definitions for U/ntxsyc.
)
LaTeX Font Info:    Font shape `T1/ntxtlf/m/it' will be
(Font)              scaled to size 10.95pt on input line 17.
[2



]) [3])
\openout2 = `OTHER/figures.aux'.

 (OTHER/figures.tex (thesis.lof
LaTeX Font Info:    Font shape `T1/ntxtlf/m/n' will be
(Font)              scaled to size 8.0pt on input line 13.
LaTeX Font Info:    Font shape `T1/ntxtlf/m/n' will be
(Font)              scaled to size 6.1pt on input line 13.
 [4



]) [5])
\openout2 = `OTHER/tables.aux'.

 (OTHER/tables.tex
(thesis.lot) [6



])
\openout2 = `OTHER/abstract.aux'.

 (OTHER/abstract.tex [7




])
\openout2 = `OTHER/declaration.aux'.

 (OTHER/declaration.tex [8




])
\openout2 = `OTHER/copyright.aux'.


(OTHER/copyright.tex [9




])
\openout2 = `OTHER/thanks.aux'.

 (OTHER/thanks.tex [10




])
\openout2 = `I/introduction.aux'.

 (I/introduction.tex
LaTeX Font Info:    Try loading font information for T1+qhv on input line 1.

("C:\Users\andre\AppData\Local\Programs\MiKTeX 2.9\tex\latex\tex-gyre\t1qhv.fd"
File: t1qhv.fd 2009/09/25 v1.2 font definition file for T1/qhv
)
LaTeX Font Info:    Font shape `T1/qhv/bx/n' in size <10.95> not available
(Font)              Font shape `T1/qhv/b/n' tried instead on input line 1.
LaTeX Font Info:    Font shape `T1/qhv/b/n' will be
(Font)              scaled to size 9.85492pt on input line 1.
LaTeX Font Info:    Font shape `T1/ntxtlf/m/sc' will be
(Font)              scaled to size 10.95pt on input line 1.
 [11




])
LaTeX Font Info:    Font shape `T1/ntxtlf/m/sl' will be
(Font)              scaled to size 10.95pt on input line 71.
 [12]
\openout2 = `T/theory.aux'.

 (T/theory.tex
LaTeX Font Info:    Font shape `T1/ntxtlf/bx/n' in size <14.4> not available
(Font)              Font shape `T1/ntxtlf/b/n' tried instead on input line 3.
LaTeX Font Info:    Font shape `T1/ntxtlf/b/n' will be
(Font)              scaled to size 14.4pt on input line 3.
LaTeX Font Info:    Font shape `T1/ntxtlf/bx/n' in size <12> not available
(Font)              Font shape `T1/ntxtlf/b/n' tried instead on input line 8.
LaTeX Font Info:    Font shape `T1/ntxtlf/b/n' will be
(Font)              scaled to size 12.0pt on input line 8.
 [13



]
LaTeX Font Info:    Font shape `T1/ntxtlf/m/n' will be
(Font)              scaled to size 10.0pt on input line 17.
LaTeX Font Info:    Font shape `T1/ntxtlf/bx/n' in size <10> not available
(Font)              Font shape `T1/ntxtlf/b/n' tried instead on input line 17.
LaTeX Font Info:    Font shape `T1/ntxtlf/b/n' will be
(Font)              scaled to size 10.0pt on input line 17.
LaTeX Font Info:    Font shape `OT1/ntxtlf/m/n' will be
(Font)              scaled to size 10.0pt on input line 17.
LaTeX Font Info:    Font shape `OT1/ntxtlf/m/n' will be
(Font)              scaled to size 7.3pt on input line 17.
LaTeX Font Info:    Font shape `OT1/ntxtlf/m/n' will be
(Font)              scaled to size 5.5pt on input line 17.
 [14] [15] [16]
! Undefined control sequence.
l.107 .... The CKM matrix elements $V_{\alpha\Beta
                                                  }$ of $V_{CKM}$ describe t...
The control sequence at the end of the top line
of your error message was never \def'ed. If you have
misspelled it (e.g., `\hobx'), type `I' and the correct
spelling (e.g., `I\hbox'). Otherwise just continue,
and I'll forget about whatever was undefined.

LaTeX Font Info:    Font shape `T1/ntxtlf/bx/it' in size <14.4> not available
(Font)              Font shape `T1/ntxtlf/b/it' tried instead on input line 124
.
LaTeX Font Info:    Font shape `T1/ntxtlf/b/it' will be
(Font)              scaled to size 14.4pt on input line 124.
LaTeX Font Info:    Font shape `OT1/ntxtlf/m/n' will be
(Font)              scaled to size 12.0pt on input line 126.
LaTeX Font Info:    Font shape `OT1/ntxtlf/m/n' will be
(Font)              scaled to size 8.8pt on input line 126.
LaTeX Font Info:    Font shape `OT1/ntxtlf/m/n' will be
(Font)              scaled to size 6.6pt on input line 126.
[17] [18]
! Too many }'s.
l.153 	\subsection{$pp$ Event Simulations}}
                                           
You've closed more groups than you opened.
Such booboos are generally harmless, so keep going.

[19] [20] [21]
Package epstopdf Info: Source file: <T/FIGS/ggF.eps>
(epstopdf)                    date: 2018-01-28 19:26:20
(epstopdf)                    size: 19102 bytes
(epstopdf)             Output file: <T/FIGS/ggF-eps-converted-to.pdf>
(epstopdf)                    date: 2018-01-28 19:26:26
(epstopdf)                    size: 8352 bytes
(epstopdf)             Command: <epstopdf --outfile=T/FIGS/ggF-eps-converted-to
.pdf T/FIGS/ggF.eps>
(epstopdf)             \includegraphics on input line 204.
Package epstopdf Info: Output file is already uptodate.

<T/FIGS/ggF-eps-converted-to.pdf, id=543, 359.3425pt x 153.57375pt>
File: T/FIGS/ggF-eps-converted-to.pdf Graphic file (type pdf)

<use T/FIGS/ggF-eps-converted-to.pdf>
Package pdftex.def Info: T/FIGS/ggF-eps-converted-to.pdf used on input line 204
.
(pdftex.def)             Requested size: 159.19757pt x 68.03897pt.
Package epstopdf Info: Source file: <T/FIGS/vbf.eps>
(epstopdf)                    date: 2017-08-19 02:26:26
(epstopdf)                    size: 19803 bytes
(epstopdf)             Output file: <T/FIGS/vbf-eps-converted-to.pdf>
(epstopdf)                    date: 2017-08-19 02:37:37
(epstopdf)                    size: 10555 bytes
(epstopdf)             Command: <epstopdf --outfile=T/FIGS/vbf-eps-converted-to
.pdf T/FIGS/vbf.eps>
(epstopdf)             \includegraphics on input line 208.
Package epstopdf Info: Output file is already uptodate.

<T/FIGS/vbf-eps-converted-to.pdf, id=544, 361.35pt x 281.05pt>
File: T/FIGS/vbf-eps-converted-to.pdf Graphic file (type pdf)

<use T/FIGS/vbf-eps-converted-to.pdf>
Package pdftex.def Info: T/FIGS/vbf-eps-converted-to.pdf used on input line 208
.
(pdftex.def)             Requested size: 159.19757pt x 123.82104pt.
Package epstopdf Info: Source file: <T/FIGS/whzh.eps>
(epstopdf)                    date: 2018-01-08 20:37:11
(epstopdf)                    size: 20406 bytes
(epstopdf)             Output file: <T/FIGS/whzh-eps-converted-to.pdf>
(epstopdf)                    date: 2018-01-08 20:39:30
(epstopdf)                    size: 10328 bytes
(epstopdf)             Command: <epstopdf --outfile=T/FIGS/whzh-eps-converted-t
o.pdf T/FIGS/whzh.eps>
(epstopdf)             \includegraphics on input line 211.
Package epstopdf Info: Output file is already uptodate.

<T/FIGS/whzh-eps-converted-to.pdf, id=545, 309.155pt x 153.57375pt>
File: T/FIGS/whzh-eps-converted-to.pdf Graphic file (type pdf)

<use T/FIGS/whzh-eps-converted-to.pdf>
Package pdftex.def Info: T/FIGS/whzh-eps-converted-to.pdf used on input line 21
1.
(pdftex.def)             Requested size: 159.19757pt x 79.08315pt.
Package epstopdf Info: Source file: <T/FIGS/tth.eps>
(epstopdf)                    date: 2018-01-08 20:36:57
(epstopdf)                    size: 17684 bytes
(epstopdf)             Output file: <T/FIGS/tth-eps-converted-to.pdf>
(epstopdf)                    date: 2018-01-08 20:39:31
(epstopdf)                    size: 8379 bytes
(epstopdf)             Command: <epstopdf --outfile=T/FIGS/tth-eps-converted-to
.pdf T/FIGS/tth.eps>
(epstopdf)             \includegraphics on input line 215.
Package epstopdf Info: Output file is already uptodate.

<T/FIGS/tth-eps-converted-to.pdf, id=546, 323.2075pt x 279.0425pt>
File: T/FIGS/tth-eps-converted-to.pdf Graphic file (type pdf)

<use T/FIGS/tth-eps-converted-to.pdf>
Package pdftex.def Info: T/FIGS/tth-eps-converted-to.pdf used on input line 215
.
(pdftex.def)             Requested size: 159.19757pt x 137.44307pt.
Package epstopdf Info: Source file: <T/FIGS/YRHXS_Summary_fig3.eps>
(epstopdf)                    date: 2017-08-19 01:12:57
(epstopdf)                    size: 18196 bytes
(epstopdf)             Output file: <T/FIGS/YRHXS_Summary_fig3-eps-converted-to
.pdf>
(epstopdf)                    date: 2017-08-19 01:23:15
(epstopdf)                    size: 11661 bytes
(epstopdf)             Command: <epstopdf --outfile=T/FIGS/YRHXS_Summary_fig3-e
ps-converted-to.pdf T/FIGS/YRHXS_Summary_fig3.eps>
(epstopdf)             \includegraphics on input line 223.
Package epstopdf Info: Output file is already uptodate.

<T/FIGS/YRHXS_Summary_fig3-eps-converted-to.pdf, id=549, 569.12625pt x 408.5262
5pt>
File: T/FIGS/YRHXS_Summary_fig3-eps-converted-to.pdf Graphic file (type pdf)
 <use T/FIGS/YRHXS_Summary_fig3-eps-converted-to.pdf>
Package pdftex.def Info: T/FIGS/YRHXS_Summary_fig3-eps-converted-to.pdf used on
 input line 223.
(pdftex.def)             Requested size: 278.59879pt x 199.9926pt.


LaTeX Warning: `h' float specifier changed to `ht'.

! Undefined control sequence.
l.229 ... calculations \cite{LHCHiggsCS}. The \ggf
                                                  \ production has a cross-s...
The control sequence at the end of the top line
of your error message was never \def'ed. If you have
misspelled it (e.g., `\hobx'), type `I' and the correct
spelling (e.g., `I\hbox'). Otherwise just continue,
and I'll forget about whatever was undefined.

[22 <./T/FIGS/ggF-eps-converted-to.pdf> <./T/FIGS/vbf-eps-converted-to.pdf> <./
T/FIGS/whzh-eps-converted-to.pdf> <./T/FIGS/tth-eps-converted-to.pdf>]
Package epstopdf Info: Source file: <T/FIGS/Higgs_BR_LM.eps>
(epstopdf)                    date: 2017-08-19 02:56:14
(epstopdf)                    size: 57433 bytes
(epstopdf)             Output file: <T/FIGS/Higgs_BR_LM-eps-converted-to.pdf>
(epstopdf)                    date: 2017-08-19 02:58:09
(epstopdf)                    size: 29817 bytes
(epstopdf)             Command: <epstopdf --outfile=T/FIGS/Higgs_BR_LM-eps-conv
erted-to.pdf T/FIGS/Higgs_BR_LM.eps>
(epstopdf)             \includegraphics on input line 239.
Package epstopdf Info: Output file is already uptodate.

<T/FIGS/Higgs_BR_LM-eps-converted-to.pdf, id=591, 569.12625pt x 546.04pt>
File: T/FIGS/Higgs_BR_LM-eps-converted-to.pdf Graphic file (type pdf)

<use T/FIGS/Higgs_BR_LM-eps-converted-to.pdf>
Package pdftex.def Info: T/FIGS/Higgs_BR_LM-eps-converted-to.pdf used on input 
line 239.
(pdftex.def)             Requested size: 199.0pt x 190.92523pt.


LaTeX Warning: `h' float specifier changed to `ht'.

[23 <./T/FIGS/YRHXS_Summary_fig3-eps-converted-to.pdf>] [24 <./T/FIGS/Higgs_BR_
LM-eps-converted-to.pdf>]) [25]
\openout2 = `D/detector.aux'.

 (D/detector.tex [26



] [27]
<D/FIGS/ATLAS_SE_Corrected7.pdf, id=676, 4265.9375pt x 2556.55125pt>
File: D/FIGS/ATLAS_SE_Corrected7.pdf Graphic file (type pdf)

<use D/FIGS/ATLAS_SE_Corrected7.pdf>
Package pdftex.def Info: D/FIGS/ATLAS_SE_Corrected7.pdf used on input line 37.
(pdftex.def)             Requested size: 278.59879pt x 166.96185pt.
 [28 <./D/FIGS/ATLAS_SE_Corrected7.pdf>]
[29]
Overfull \hbox (22.98697pt too wide) in paragraph at lines 70--81
 [][] 
 []

[30] <D/FIGS/trigschem.png, id=716, 580.1675pt x 459.7175pt>
File: D/FIGS/trigschem.png Graphic file (type png)

<use D/FIGS/trigschem.png>
Package pdftex.def Info: D/FIGS/trigschem.png used on input line 92.
(pdftex.def)             Requested size: 358.19757pt x 283.82939pt.
 [31 <./D/FIGS/trigschem.png>] [32] [33]
LaTeX Font Info:    Font shape `T1/ntxtlf/bx/it' in size <12> not available
(Font)              Font shape `T1/ntxtlf/b/it' tried instead on input line 138
.
LaTeX Font Info:    Font shape `T1/ntxtlf/b/it' will be
(Font)              scaled to size 12.0pt on input line 138.

! Undefined control sequence.
l.143 	Identification of jets containing \bhadrons
                                                  \, in ATLAS is based on co...
The control sequence at the end of the top line
of your error message was never \def'ed. If you have
misspelled it (e.g., `\hobx'), type `I' and the correct
spelling (e.g., `I\hbox'). Otherwise just continue,
and I'll forget about whatever was undefined.

[34] [35] [36]) [37]
\openout2 = `ES/eventSelection.aux'.

 (ES/eventSelection.tex
LaTeX Font Info:    Font shape `T1/ntxtt/m/n' will be
(Font)              scaled to size 9.85492pt on input line 9.
 [38



]
! Undefined control sequence.
l.21 ...lo events was simulated using the \textcal
                                                  {GEANT4} \cite{geant4, gea...
The control sequence at the end of the top line
of your error message was never \def'ed. If you have
misspelled it (e.g., `\hobx'), type `I' and the correct
spelling (e.g., `I\hbox'). Otherwise just continue,
and I'll forget about whatever was undefined.

[39] [40]
LaTeX Font Info:    Font shape `OT1/ntxtlf/m/n' will be
(Font)              scaled to size 14.4pt on input line 46.
LaTeX Font Info:    Font shape `OT1/ntxtlf/m/n' will be
(Font)              scaled to size 10.5pt on input line 46.
LaTeX Font Info:    Font shape `OT1/ntxtlf/m/n' will be
(Font)              scaled to size 7.9pt on input line 46.


Package hyperref Warning: Token not allowed in a PDF string (PDFDocEncoding):
(hyperref)                removing `math shift' on input line 46.


Package hyperref Warning: Token not allowed in a PDF string (PDFDocEncoding):
(hyperref)                removing `\rightarrow' on input line 46.


Package hyperref Warning: Token not allowed in a PDF string (PDFDocEncoding):
(hyperref)                removing `math shift' on input line 46.


Package hyperref Warning: Token not allowed in a PDF string (PDFDocEncoding):
(hyperref)                \kern 1.82538pt
(hyperref)                removed on input line 46.


Overfull \hbox (11.86163pt too wide) in paragraph at lines 53--55
[]\T1/ntxtlf/m/n/10.95 For the \T1/ntxtlf/m/it/10.95 two-central \T1/ntxtlf/m/n
/10.95 chan-nel, the event was re-quired to pass the \T1/ntxtt/m/n/10.95 HLT_j8
0_bmv2c2070_split_-
 []

[41]
LaTeX Font Info:    Font shape `T1/ntxtlf/m/it' will be
(Font)              scaled to size 10.0pt on input line 59.
) [42]
\openout2 = `ObP/objectPerformance.aux'.

 (ObP/objectPerformance.tex
<ObP/FIGS/deltaR.pdf, id=869, 569.12625pt x 558.085pt>
File: ObP/FIGS/deltaR.pdf Graphic file (type pdf)

<use ObP/FIGS/deltaR.pdf>
Package pdftex.def Info: ObP/FIGS/deltaR.pdf used on input line 7.
(pdftex.def)             Requested size: 199.0pt x 195.13681pt.
 [43



 <./ObP/FIGS/deltaR.pdf, page is rotated 90 degrees>]
Overfull \hbox (19.82133pt too wide) in paragraph at lines 34--35
\T1/ntxtlf/m/n/10.95 all real data events where the \T1/ntxtt/m/n/10.95 HLT_j80
_bmv2c2070_split_-j60_bmv2c2085_split_j45_320eta490
 []

<ObP/FIGS/ptRatio_Leading_BJet.pdf, id=921, 569.12625pt x 558.085pt>
File: ObP/FIGS/ptRatio_Leading_BJet.pdf Graphic file (type pdf)

<use ObP/FIGS/ptRatio_Leading_BJet.pdf>
Package pdftex.def Info: ObP/FIGS/ptRatio_Leading_BJet.pdf used on input line 4
4.
(pdftex.def)             Requested size: 191.0383pt x 187.33646pt.

<ObP/FIGS/Offline_2C_ptRatio_Leading_BJet.pdf, id=922, 569.12625pt x 558.085pt>
File: ObP/FIGS/Offline_2C_ptRatio_Leading_BJet.pdf Graphic file (type pdf)
<use ObP/FIGS/Offline_2C_ptRatio_Leading_BJet.pdf>
Package pdftex.def Info: ObP/FIGS/Offline_2C_ptRatio_Leading_BJet.pdf used on i
nput line 49.
(pdftex.def)             Requested size: 191.0383pt x 187.33646pt.
LaTeX Font Info:    Font shape `T1/ntxtlf/m/n' will be
(Font)              scaled to size 7.3pt on input line 51.
LaTeX Font Info:    Font shape `T1/ntxtlf/m/n' will be
(Font)              scaled to size 5.5pt on input line 51.


LaTeX Warning: `h' float specifier changed to `ht'.

[44]
<ObP/FIGS/Slices_ptRatio_Leading_BJet.pdf, id=932, 569.12625pt x 558.085pt>
File: ObP/FIGS/Slices_ptRatio_Leading_BJet.pdf Graphic file (type pdf)

<use ObP/FIGS/Slices_ptRatio_Leading_BJet.pdf>
Package pdftex.def Info: ObP/FIGS/Slices_ptRatio_Leading_BJet.pdf used on input
 line 66.
(pdftex.def)             Requested size: 191.0383pt x 187.33646pt.

<ObP/FIGS/Slices_Data_ptRatio_Leading_BJet.pdf, id=933, 569.12625pt x 558.085pt
>
File: ObP/FIGS/Slices_Data_ptRatio_Leading_BJet.pdf Graphic file (type pdf)
 <use ObP/FIGS/Slices_Data_ptRatio_Leading_BJet.pdf>
Package pdftex.def Info: ObP/FIGS/Slices_Data_ptRatio_Leading_BJet.pdf used on 
input line 70.
(pdftex.def)             Requested size: 191.0383pt x 187.33646pt.


LaTeX Warning: `h' float specifier changed to `ht'.

[45 <./ObP/FIGS/ptRatio_Leading_BJet.pdf, page is rotated 90 degrees> <./ObP/FI
GS/Offline_2C_ptRatio_Leading_BJet.pdf, page is rotated 90 degrees>]
<ObP/FIGS/etaRatio_Leading_BJet.pdf, id=1031, 569.12625pt x 558.085pt>
File: ObP/FIGS/etaRatio_Leading_BJet.pdf Graphic file (type pdf)

<use ObP/FIGS/etaRatio_Leading_BJet.pdf>
Package pdftex.def Info: ObP/FIGS/etaRatio_Leading_BJet.pdf used on input line 
86.
(pdftex.def)             Requested size: 191.0383pt x 187.33646pt.

<ObP/FIGS/Offline_2C_etaRatio_Leading_BJet.pdf, id=1032, 569.12625pt x 558.085p
t>
File: ObP/FIGS/Offline_2C_etaRatio_Leading_BJet.pdf Graphic file (type pdf)
 <use ObP/FIGS/Offline_2C_etaRatio_Leading_BJet.pdf>
Package pdftex.def Info: ObP/FIGS/Offline_2C_etaRatio_Leading_BJet.pdf used on 
input line 91.
(pdftex.def)             Requested size: 191.0383pt x 187.33646pt.


LaTeX Warning: `h' float specifier changed to `ht'.

<ObP/FIGS/phiRatio_Leading_BJet.pdf, id=1033, 569.12625pt x 558.085pt>
File: ObP/FIGS/phiRatio_Leading_BJet.pdf Graphic file (type pdf)

<use ObP/FIGS/phiRatio_Leading_BJet.pdf>
Package pdftex.def Info: ObP/FIGS/phiRatio_Leading_BJet.pdf used on input line 
100.
(pdftex.def)             Requested size: 191.0383pt x 187.33646pt.

<ObP/FIGS/Offline_2C_phiRatio_Leading_BJet.pdf, id=1034, 569.12625pt x 558.085p
t>
File: ObP/FIGS/Offline_2C_phiRatio_Leading_BJet.pdf Graphic file (type pdf)
 <use ObP/FIGS/Offline_2C_phiRatio_Leading_BJet.pdf>
Package pdftex.def Info: ObP/FIGS/Offline_2C_phiRatio_Leading_BJet.pdf used on 
input line 105.
(pdftex.def)             Requested size: 191.0383pt x 187.33646pt.


LaTeX Warning: `h' float specifier changed to `ht'.

[46 <./ObP/FIGS/Slices_ptRatio_Leading_BJet.pdf, page is rotated 90 degrees> <.
/ObP/FIGS/Slices_Data_ptRatio_Leading_BJet.pdf, page is rotated 90 degrees>]
[47 <./ObP/FIGS/etaRatio_Leading_BJet.pdf, page is rotated 90 degrees> <./ObP/F
IGS/Offline_2C_etaRatio_Leading_BJet.pdf, page is rotated 90 degrees> <./ObP/FI
GS/phiRatio_Leading_BJet.pdf, page is rotated 90 degrees> <./ObP/FIGS/Offline_2
C_phiRatio_Leading_BJet.pdf, page is rotated 90 degrees>]
<ObP/FIGS/ptRatio_Leading_Non_BJet.pdf, id=1306, 569.12625pt x 558.085pt>
File: ObP/FIGS/ptRatio_Leading_Non_BJet.pdf Graphic file (type pdf)

<use ObP/FIGS/ptRatio_Leading_Non_BJet.pdf>
Package pdftex.def Info: ObP/FIGS/ptRatio_Leading_Non_BJet.pdf used on input li
ne 124.
(pdftex.def)             Requested size: 191.0383pt x 187.33646pt.

<ObP/FIGS/Offline_2C_ptRatio_Leading_Non_BJet.pdf, id=1307, 569.12625pt x 558.0
85pt>
File: ObP/FIGS/Offline_2C_ptRatio_Leading_Non_BJet.pdf Graphic file (type pdf)
 <use ObP/FIGS/Offline_2C_ptRatio_Leading_Non_BJet.pdf>
Package pdftex.def Info: ObP/FIGS/Offline_2C_ptRatio_Leading_Non_BJet.pdf used 
on input line 129.
(pdftex.def)             Requested size: 191.0383pt x 187.33646pt.
 [48 <./ObP/FIGS/ptRatio_Leading_Non_BJet.pdf, page is rotated 90 degrees> <./O
bP/FIGS/Offline_2C_ptRatio_Leading_Non_BJet.pdf, page is rotated 90 degrees>]
<ObP/FIGS/Slices_ptRatio_Leading_Non_BJet.pdf, id=1404, 569.12625pt x 558.085pt
>
File: ObP/FIGS/Slices_ptRatio_Leading_Non_BJet.pdf Graphic file (type pdf)
 <use ObP/FIGS/Slices_ptRatio_Leading_Non_BJet.pdf>
Package pdftex.def Info: ObP/FIGS/Slices_ptRatio_Leading_Non_BJet.pdf used on i
nput line 146.
(pdftex.def)             Requested size: 191.0383pt x 187.33646pt.

<ObP/FIGS/Slices_Data_ptRatio_Leading_Non_BJet.pdf, id=1405, 569.12625pt x 558.
085pt>
File: ObP/FIGS/Slices_Data_ptRatio_Leading_Non_BJet.pdf Graphic file (type pdf)

 <use ObP/FIGS/Slices_Data_ptRatio_Leading_Non_BJet.pdf>
Package pdftex.def Info: ObP/FIGS/Slices_Data_ptRatio_Leading_Non_BJet.pdf used
 on input line 150.
(pdftex.def)             Requested size: 191.0383pt x 187.33646pt.
 [49 <./ObP/FIGS/Slices_ptRatio_Leading_Non_BJet.pdf, page is rotated 90 degree
s> <./ObP/FIGS/Slices_Data_ptRatio_Leading_Non_BJet.pdf, page is rotated 90 deg
rees>]
<ObP/FIGS/etaRatio_Leading_Non_BJet.pdf, id=1500, 569.12625pt x 558.085pt>
File: ObP/FIGS/etaRatio_Leading_Non_BJet.pdf Graphic file (type pdf)

<use ObP/FIGS/etaRatio_Leading_Non_BJet.pdf>
Package pdftex.def Info: ObP/FIGS/etaRatio_Leading_Non_BJet.pdf used on input l
ine 168.
(pdftex.def)             Requested size: 187.06049pt x 183.43626pt.

<ObP/FIGS/Offline_2C_etaRatio_Leading_Non_BJet.pdf, id=1501, 569.12625pt x 558.
085pt>
File: ObP/FIGS/Offline_2C_etaRatio_Leading_Non_BJet.pdf Graphic file (type pdf)

 <use ObP/FIGS/Offline_2C_etaRatio_Leading_Non_BJet.pdf>
Package pdftex.def Info: ObP/FIGS/Offline_2C_etaRatio_Leading_Non_BJet.pdf used
 on input line 172.
(pdftex.def)             Requested size: 187.06049pt x 183.43626pt.

<ObP/FIGS/phiRatio_Leading_Non_BJet.pdf, id=1502, 569.12625pt x 558.085pt>
File: ObP/FIGS/phiRatio_Leading_Non_BJet.pdf Graphic file (type pdf)

<use ObP/FIGS/phiRatio_Leading_Non_BJet.pdf>
Package pdftex.def Info: ObP/FIGS/phiRatio_Leading_Non_BJet.pdf used on input l
ine 181.
(pdftex.def)             Requested size: 187.06049pt x 183.43626pt.

<ObP/FIGS/Offline_2C_phiRatio_Leading_Non_BJet.pdf, id=1503, 569.12625pt x 558.
085pt>
File: ObP/FIGS/Offline_2C_phiRatio_Leading_Non_BJet.pdf Graphic file (type pdf)

 <use ObP/FIGS/Offline_2C_phiRatio_Leading_Non_BJet.pdf>
Package pdftex.def Info: ObP/FIGS/Offline_2C_phiRatio_Leading_Non_BJet.pdf used
 on input line 185.
(pdftex.def)             Requested size: 187.06049pt x 183.43626pt.
 [50 <./ObP/FIGS/etaRatio_Leading_Non_BJet.pdf, page is rotated 90 degrees> <./
ObP/FIGS/Offline_2C_etaRatio_Leading_Non_BJet.pdf, page is rotated 90 degrees> 
<./ObP/FIGS/phiRatio_Leading_Non_BJet.pdf, page is rotated 90 degrees> <./ObP/F
IGS/Offline_2C_phiRatio_Leading_Non_BJet.pdf, page is rotated 90 degrees>] [51]

<ObP/FIGS/ptBJET.pdf, id=1695, 569.12625pt x 558.085pt>
File: ObP/FIGS/ptBJET.pdf Graphic file (type pdf)

<use ObP/FIGS/ptBJET.pdf>
Package pdftex.def Info: ObP/FIGS/ptBJET.pdf used on input line 219.
(pdftex.def)             Requested size: 191.0383pt x 187.33646pt.

<ObP/FIGS/etaBJET.pdf, id=1696, 569.12625pt x 558.085pt>
File: ObP/FIGS/etaBJET.pdf Graphic file (type pdf)

<use ObP/FIGS/etaBJET.pdf>
Package pdftex.def Info: ObP/FIGS/etaBJET.pdf used on input line 224.
(pdftex.def)             Requested size: 191.0383pt x 187.33646pt.
 [52 <./ObP/FIGS/ptBJET.pdf, page is rotated 90 degrees> <./ObP/FIGS/etaBJET.pd
f, page is rotated 90 degrees>]
<ObP/FIGS/ptCJET.pdf, id=1794, 569.12625pt x 558.085pt>
File: ObP/FIGS/ptCJET.pdf Graphic file (type pdf)

<use ObP/FIGS/ptCJET.pdf>
Package pdftex.def Info: ObP/FIGS/ptCJET.pdf used on input line 241.
(pdftex.def)             Requested size: 191.0383pt x 187.33646pt.

<ObP/FIGS/etaCJET.pdf, id=1795, 569.12625pt x 558.085pt>
File: ObP/FIGS/etaCJET.pdf Graphic file (type pdf)

<use ObP/FIGS/etaCJET.pdf>
Package pdftex.def Info: ObP/FIGS/etaCJET.pdf used on input line 246.
(pdftex.def)             Requested size: 191.0383pt x 187.33646pt.
 [53 <./ObP/FIGS/ptCJET.pdf, page is rotated 90 degrees> <./ObP/FIGS/etaCJET.pd
f, page is rotated 90 degrees>]
<ObP/FIGS/ptLIGHTJET.pdf, id=1892, 569.12625pt x 558.085pt>
File: ObP/FIGS/ptLIGHTJET.pdf Graphic file (type pdf)

<use ObP/FIGS/ptLIGHTJET.pdf>
Package pdftex.def Info: ObP/FIGS/ptLIGHTJET.pdf used on input line 263.
(pdftex.def)             Requested size: 191.0383pt x 187.33646pt.

<ObP/FIGS/etaLIGHTJET.pdf, id=1893, 569.12625pt x 558.085pt>
File: ObP/FIGS/etaLIGHTJET.pdf Graphic file (type pdf)

<use ObP/FIGS/etaLIGHTJET.pdf>
Package pdftex.def Info: ObP/FIGS/etaLIGHTJET.pdf used on input line 268.
(pdftex.def)             Requested size: 191.0383pt x 187.33646pt.
 [54 <./ObP/FIGS/ptLIGHTJET.pdf, page is rotated 90 degrees> <./ObP/FIGS/etaLIG
HTJET.pdf, page is rotated 90 degrees>]) [55]
\openout2 = `K/kinematics.aux'.


(K/kinematics.tex
LaTeX Font Info:    Font shape `OT1/ntxtlf/m/n' will be
(Font)              scaled to size 20.74pt on input line 1.
LaTeX Font Info:    Font shape `OT1/ntxtlf/m/n' will be
(Font)              scaled to size 16.1pt on input line 1.
LaTeX Font Info:    Font shape `OT1/ntxtlf/m/n' will be
(Font)              scaled to size 11.4pt on input line 1.


Package hyperref Warning: Token not allowed in a PDF string (PDFDocEncoding):
(hyperref)                removing `math shift' on input line 1.


Package hyperref Warning: Token not allowed in a PDF string (PDFDocEncoding):
(hyperref)                removing `\rightarrow' on input line 1.


Package hyperref Warning: Token not allowed in a PDF string (PDFDocEncoding):
(hyperref)                removing `math shift' on input line 1.


Package hyperref Warning: Token not allowed in a PDF string (PDFDocEncoding):
(hyperref)                \kern 1.82538pt
(hyperref)                removed on input line 1.


LaTeX Warning: `h' float specifier changed to `ht'.

<K/FIGS/MC_cutflow.pdf, id=2001, 569.12625pt x 272.01625pt>
File: K/FIGS/MC_cutflow.pdf Graphic file (type pdf)

<use K/FIGS/MC_cutflow.pdf>
Package pdftex.def Info: K/FIGS/MC_cutflow.pdf used on input line 32.
(pdftex.def)             Requested size: 298.5pt x 142.67369pt.


LaTeX Warning: `h' float specifier changed to `ht'.

[56



] [57 <./K/FIGS/MC_cutflow.pdf, page is rotated 90 degrees>]
<K/FIGS/D_cutflow.pdf, id=2057, 569.12625pt x 272.01625pt>
File: K/FIGS/D_cutflow.pdf Graphic file (type pdf)

<use K/FIGS/D_cutflow.pdf>
Package pdftex.def Info: K/FIGS/D_cutflow.pdf used on input line 50.
(pdftex.def)             Requested size: 298.5pt x 142.67369pt.
 [58 <./K/FIGS/D_cutflow.pdf, page is rotated 90 degrees>] [59] <K/FIGS/pt_bJet
1_data_.pdf, id=2127, 569.12625pt x 558.085pt>
File: K/FIGS/pt_bJet1_data_.pdf Graphic file (type pdf)

<use K/FIGS/pt_bJet1_data_.pdf>
Package pdftex.def Info: K/FIGS/pt_bJet1_data_.pdf used on input line 99.
(pdftex.def)             Requested size: 191.0383pt x 187.33646pt.

<K/FIGS/pt_bJet1_mc_.pdf, id=2128, 569.12625pt x 558.085pt>
File: K/FIGS/pt_bJet1_mc_.pdf Graphic file (type pdf)

<use K/FIGS/pt_bJet1_mc_.pdf>
Package pdftex.def Info: K/FIGS/pt_bJet1_mc_.pdf used on input line 103.
(pdftex.def)             Requested size: 191.0383pt x 187.33646pt.

<K/FIGS/pt_lJet1_data_.pdf, id=2129, 569.12625pt x 558.085pt>
File: K/FIGS/pt_lJet1_data_.pdf Graphic file (type pdf)

<use K/FIGS/pt_lJet1_data_.pdf>
Package pdftex.def Info: K/FIGS/pt_lJet1_data_.pdf used on input line 113.
(pdftex.def)             Requested size: 191.0383pt x 187.33646pt.

<K/FIGS/pt_lJet1_mc_.pdf, id=2130, 569.12625pt x 558.085pt>
File: K/FIGS/pt_lJet1_mc_.pdf Graphic file (type pdf)

<use K/FIGS/pt_lJet1_mc_.pdf>
Package pdftex.def Info: K/FIGS/pt_lJet1_mc_.pdf used on input line 117.
(pdftex.def)             Requested size: 191.0383pt x 187.33646pt.


LaTeX Warning: `h' float specifier changed to `ht'.

[60 <./K/FIGS/pt_bJet1_data_.pdf, page is rotated 90 degrees> <./K/FIGS/pt_bJet
1_mc_.pdf, page is rotated 90 degrees>] [61 <./K/FIGS/pt_lJet1_data_.pdf, page 
is rotated 90 degrees> <./K/FIGS/pt_lJet1_mc_.pdf, page is rotated 90 degrees>]
<K/FIGS/eta_bJet1_data_.pdf, id=2323, 569.12625pt x 558.085pt>
File: K/FIGS/eta_bJet1_data_.pdf Graphic file (type pdf)

<use K/FIGS/eta_bJet1_data_.pdf>
Package pdftex.def Info: K/FIGS/eta_bJet1_data_.pdf used on input line 135.
(pdftex.def)             Requested size: 191.0383pt x 187.33646pt.

<K/FIGS/eta_bJet1_mc_.pdf, id=2324, 569.12625pt x 558.085pt>
File: K/FIGS/eta_bJet1_mc_.pdf Graphic file (type pdf)

<use K/FIGS/eta_bJet1_mc_.pdf>
Package pdftex.def Info: K/FIGS/eta_bJet1_mc_.pdf used on input line 139.
(pdftex.def)             Requested size: 191.0383pt x 187.33646pt.

<K/FIGS/eta_lJet1_data_.pdf, id=2325, 569.12625pt x 558.085pt>
File: K/FIGS/eta_lJet1_data_.pdf Graphic file (type pdf)

<use K/FIGS/eta_lJet1_data_.pdf>
Package pdftex.def Info: K/FIGS/eta_lJet1_data_.pdf used on input line 148.
(pdftex.def)             Requested size: 191.0383pt x 187.33646pt.

<K/FIGS/eta_lJet1_mc_.pdf, id=2326, 569.12625pt x 558.085pt>
File: K/FIGS/eta_lJet1_mc_.pdf Graphic file (type pdf)

<use K/FIGS/eta_lJet1_mc_.pdf>
Package pdftex.def Info: K/FIGS/eta_lJet1_mc_.pdf used on input line 152.
(pdftex.def)             Requested size: 191.0383pt x 187.33646pt.


LaTeX Warning: `h' float specifier changed to `ht'.

[62 <./K/FIGS/eta_bJet1_data_.pdf, page is rotated 90 degrees> <./K/FIGS/eta_bJ
et1_mc_.pdf, page is rotated 90 degrees>]

Package hyperref Warning: Token not allowed in a PDF string (PDFDocEncoding):
(hyperref)                removing `math shift' on input line 163.


Package hyperref Warning: Token not allowed in a PDF string (PDFDocEncoding):
(hyperref)                removing `\rightarrow' on input line 163.


Package hyperref Warning: Token not allowed in a PDF string (PDFDocEncoding):
(hyperref)                removing `math shift' on input line 163.

<K/FIGS/ptjj_data_.pdf, id=2427, 569.12625pt x 558.085pt>
File: K/FIGS/ptjj_data_.pdf Graphic file (type pdf)

<use K/FIGS/ptjj_data_.pdf>
Package pdftex.def Info: K/FIGS/ptjj_data_.pdf used on input line 170.
(pdftex.def)             Requested size: 191.0383pt x 187.33646pt.

<K/FIGS/ptjj_mc_.pdf, id=2428, 569.12625pt x 558.085pt>
File: K/FIGS/ptjj_mc_.pdf Graphic file (type pdf)

<use K/FIGS/ptjj_mc_.pdf>
Package pdftex.def Info: K/FIGS/ptjj_mc_.pdf used on input line 174.
(pdftex.def)             Requested size: 191.0383pt x 187.33646pt.


LaTeX Warning: `h' float specifier changed to `ht'.

<K/FIGS/mjj_data_.pdf, id=2429, 569.12625pt x 558.085pt>
File: K/FIGS/mjj_data_.pdf Graphic file (type pdf)

<use K/FIGS/mjj_data_.pdf>
Package pdftex.def Info: K/FIGS/mjj_data_.pdf used on input line 183.
(pdftex.def)             Requested size: 191.0383pt x 187.33646pt.

<K/FIGS/mjj_mc_.pdf, id=2430, 569.12625pt x 558.085pt>
File: K/FIGS/mjj_mc_.pdf Graphic file (type pdf)

<use K/FIGS/mjj_mc_.pdf>
Package pdftex.def Info: K/FIGS/mjj_mc_.pdf used on input line 187.
(pdftex.def)             Requested size: 191.0383pt x 187.33646pt.


LaTeX Warning: `h' float specifier changed to `ht'.

[63 <./K/FIGS/eta_lJet1_data_.pdf, page is rotated 90 degrees> <./K/FIGS/eta_lJ
et1_mc_.pdf, page is rotated 90 degrees>] [64 <./K/FIGS/ptjj_data_.pdf, page is
 rotated 90 degrees> <./K/FIGS/ptjj_mc_.pdf, page is rotated 90 degrees> <./K/F
IGS/mjj_data_.pdf, page is rotated 90 degrees> <./K/FIGS/mjj_mc_.pdf, page is r
otated 90 degrees>] <K/FIGS/ptbb_data_.pdf, id=2703, 569.12625pt x 558.085pt>
File: K/FIGS/ptbb_data_.pdf Graphic file (type pdf)

<use K/FIGS/ptbb_data_.pdf>
Package pdftex.def Info: K/FIGS/ptbb_data_.pdf used on input line 198.
(pdftex.def)             Requested size: 191.0383pt x 187.33646pt.

<K/FIGS/ptbb_mc_.pdf, id=2704, 569.12625pt x 558.085pt>
File: K/FIGS/ptbb_mc_.pdf Graphic file (type pdf)

<use K/FIGS/ptbb_mc_.pdf>
Package pdftex.def Info: K/FIGS/ptbb_mc_.pdf used on input line 202.
(pdftex.def)             Requested size: 191.0383pt x 187.33646pt.

<K/FIGS/mbb_data_.pdf, id=2708, 569.12625pt x 558.085pt>
File: K/FIGS/mbb_data_.pdf Graphic file (type pdf)

<use K/FIGS/mbb_data_.pdf>
Package pdftex.def Info: K/FIGS/mbb_data_.pdf used on input line 213.
(pdftex.def)             Requested size: 191.0383pt x 187.33646pt.

<K/FIGS/mbb_mc_.pdf, id=2709, 569.12625pt x 558.085pt>
File: K/FIGS/mbb_mc_.pdf Graphic file (type pdf)

<use K/FIGS/mbb_mc_.pdf>
Package pdftex.def Info: K/FIGS/mbb_mc_.pdf used on input line 217.
(pdftex.def)             Requested size: 191.0383pt x 187.33646pt.


LaTeX Warning: `h' float specifier changed to `ht'.

[65 <./K/FIGS/ptbb_data_.pdf, page is rotated 90 degrees> <./K/FIGS/ptbb_mc_.pd
f, page is rotated 90 degrees>]
LaTeX Font Info:    Font shape `OML/ntxmi/bx/it' in size <10.95> not available
(Font)              Font shape `OML/ntxmi/b/it' tried instead on input line 237
.
LaTeX Font Info:    Font shape `OML/ntxmi/bx/it' in size <8> not available
(Font)              Font shape `OML/ntxmi/b/it' tried instead on input line 237
.
LaTeX Font Info:    Font shape `OML/ntxmi/bx/it' in size <6.1> not available
(Font)              Font shape `OML/ntxmi/b/it' tried instead on input line 237
.

<K/FIGS/etastar_data_.pdf, id=2808, 569.12625pt x 558.085pt>
File: K/FIGS/etastar_data_.pdf Graphic file (type pdf)

<use K/FIGS/etastar_data_.pdf>
Package pdftex.def Info: K/FIGS/etastar_data_.pdf used on input line 245.
(pdftex.def)             Requested size: 191.0383pt x 187.33646pt.

<K/FIGS/etastar_mc_.pdf, id=2809, 569.12625pt x 558.085pt>
File: K/FIGS/etastar_mc_.pdf Graphic file (type pdf)

<use K/FIGS/etastar_mc_.pdf>
Package pdftex.def Info: K/FIGS/etastar_mc_.pdf used on input line 249.
(pdftex.def)             Requested size: 191.0383pt x 187.33646pt.
LaTeX Font Info:    Font shape `OML/ntxmi/bx/it' in size <10> not available
(Font)              Font shape `OML/ntxmi/b/it' tried instead on input line 251
.
LaTeX Font Info:    Font shape `OML/ntxmi/bx/it' in size <7.3> not available
(Font)              Font shape `OML/ntxmi/b/it' tried instead on input line 251
.
LaTeX Font Info:    Font shape `OML/ntxmi/bx/it' in size <5.5> not available
(Font)              Font shape `OML/ntxmi/b/it' tried instead on input line 251
.


LaTeX Warning: `h' float specifier changed to `ht'.

<K/FIGS/ptbalance_data_.pdf, id=2810, 569.12625pt x 558.085pt>
File: K/FIGS/ptbalance_data_.pdf Graphic file (type pdf)

<use K/FIGS/ptbalance_data_.pdf>
Package pdftex.def Info: K/FIGS/ptbalance_data_.pdf used on input line 258.
(pdftex.def)             Requested size: 191.0383pt x 187.33646pt.

<K/FIGS/ptbalance_mc_.pdf, id=2811, 569.12625pt x 558.085pt>
File: K/FIGS/ptbalance_mc_.pdf Graphic file (type pdf)

<use K/FIGS/ptbalance_mc_.pdf>
Package pdftex.def Info: K/FIGS/ptbalance_mc_.pdf used on input line 262.
(pdftex.def)             Requested size: 191.0383pt x 187.33646pt.


LaTeX Warning: `h' float specifier changed to `ht'.

[66 <./K/FIGS/mbb_data_.pdf, page is rotated 90 degrees> <./K/FIGS/mbb_mc_.pdf,
 page is rotated 90 degrees>] [67 <./K/FIGS/etastar_data_.pdf, page is rotated 
90 degrees> <./K/FIGS/etastar_mc_.pdf, page is rotated 90 degrees> <./K/FIGS/pt
balance_data_.pdf, page is rotated 90 degrees> <./K/FIGS/ptbalance_mc_.pdf, pag
e is rotated 90 degrees>]) [68]
\openout2 = `C/conclusions.aux'.

 (C/conclusions.tex [69



] [70]) [71]
\openout2 = `APP/files.aux'.


(APP/files.tex
Underfull \hbox (badness 10000) in paragraph at lines 17--17
[]|\T1/ntxtt/m/n/10.95 data16_13TeV.periodAllYear_DetStatus-v88-
 []


Underfull \hbox (badness 10000) in paragraph at lines 17--17
\T1/ntxtt/m/n/10.95 pro20-21_DQDefects-00-02-04_PHYS_Standard
 []


Underfull \hbox (badness 10000) in paragraph at lines 17--17
[]|\T1/ntxtt/m/n/10.95 data16_13TeV.{RUN_ID}.physics_Main.merge.
 []


Underfull \hbox (badness 10000) in paragraph at lines 17--17
[]|\T1/ntxtt/m/n/10.95 mc15_13TeV.341566.PowhegPythia8EvtGen
 []


Underfull \hbox (badness 10000) in paragraph at lines 17--17
\T1/ntxtt/m/n/10.95 _CT10_AZNLOCTEQ6L1_VBFH125_bb.merge.
 []

[72



]
Overfull \hbox (17.90263pt too wide) in paragraph at lines 32--32
[]|\T1/ntxtt/m/n/10.95 JES_data2016_data2015_Recommendation_Dec2016.config| 
 []


Underfull \hbox (badness 1337) in paragraph at lines 32--32
[]|\T1/ntxtlf/m/n/10.95 January 2017 MV2c10 \T1/ntxtlf/m/it/10.95 b\T1/ntxtlf/m
/n/10.95 -
 []


Underfull \hbox (badness 3482) in paragraph at lines 32--32
[]|\T1/ntxtlf/m/n/10.95 March 2016 MV2c20 \T1/ntxtlf/m/it/10.95 b\T1/ntxtlf/m/n
/10.95 -
 []

) [73]
\openout2 = `APP/bdt.aux'.

 (APP/bdt.tex
LaTeX Font Info:    Font shape `OML/ntxmi/bx/it' in size <14.4> not available
(Font)              Font shape `OML/ntxmi/b/it' tried instead on input line 13.

LaTeX Font Info:    Font shape `OML/ntxmi/bx/it' in size <10.5> not available
(Font)              Font shape `OML/ntxmi/b/it' tried instead on input line 13.

LaTeX Font Info:    Font shape `OML/ntxmi/bx/it' in size <7.9> not available
(Font)              Font shape `OML/ntxmi/b/it' tried instead on input line 13.



Package hyperref Warning: Token not allowed in a PDF string (PDFDocEncoding):
(hyperref)                removing `math shift' on input line 13.


Package hyperref Warning: Token not allowed in a PDF string (PDFDocEncoding):
(hyperref)                removing `\rightarrow' on input line 13.


Package hyperref Warning: Token not allowed in a PDF string (PDFDocEncoding):
(hyperref)                removing `math shift' on input line 13.


Package hyperref Warning: Token not allowed in a PDF string (PDFDocEncoding):
(hyperref)                \kern 1.82538pt
(hyperref)                removed on input line 13.

[74



]) [75]
\openout2 = `OTHER/references.aux'.

 (OTHER/references.tex (thesis.bbl
bibitemlist
[76




] [77] [78] [79] [80] [81] [82])) [83]
**************************************************************
* This is Version 1.12 of Dave Green's thesis template 
* (see http://www.mrao.cam.ac.uk/~dag/THESIS/ for any updates)
**************************************************************
\tf@toc=\write5
\openout5 = `thesis.toc'.

\tf@lof=\write6
\openout6 = `thesis.lof'.

\tf@lot=\write7
\openout7 = `thesis.lot'.

Package atveryend Info: Empty hook `BeforeClearDocument' on input line 129.
Package atveryend Info: Empty hook `AfterLastShipout' on input line 129.
(thesis.aux (OTHER/titlepage.aux) (OTHER/contents.aux) (OTHER/figures.aux)
(OTHER/tables.aux) (OTHER/abstract.aux) (OTHER/declaration.aux)
(OTHER/copyright.aux) (OTHER/thanks.aux) (I/introduction.aux) (T/theory.aux)
(D/detector.aux) (ES/eventSelection.aux) (ObP/objectPerformance.aux)
(K/kinematics.aux) (C/conclusions.aux) (APP/files.aux) (APP/bdt.aux)
(OTHER/references.aux))
Package atveryend Info: Executing hook `AtVeryEndDocument' on input line 129.
Package atveryend Info: Executing hook `AtEndAfterFileList' on input line 129.
Package rerunfilecheck Info: File `thesis.out' has not changed.
(rerunfilecheck)             Checksum: B97E07D9A8DB05A15977E6CFD3C7B153;2823.
 ) 
Here is how much of TeX's memory you used:
 14970 strings out of 493335
 216292 string characters out of 3130230
 348740 words of memory out of 3000000
 17624 multiletter control sequences out of 15000+200000
 172644 words of font info for 280 fonts, out of 3000000 for 9000
 1141 hyphenation exceptions out of 8191
 42i,17n,39p,2069b,562s stack positions out of 5000i,500n,10000p,200000b,50000s
{C:/Users/andre/AppData/Local/Programs/MiKTeX 2.9/fonts/enc/dvips/newtx/ntx-e
c-tlf.enc}{C:/Users/andre/AppData/Local/Programs/MiKTeX 2.9/fonts/enc/dvips/new
tx/ntx-ecth-tlf.enc}{C:/Users/andre/AppData/Local/Programs/MiKTeX 2.9/fonts/enc
/dvips/tex-gyre/q-ec.enc}{C:/Users/andre/AppData/Local/Programs/MiKTeX 2.9/font
s/enc/dvips/newtx/ntx-ec-tlf-sc.enc}{C:/Users/andre/AppData/Local/Programs/MiKT
eX 2.9/fonts/enc/dvips/newtx/ntx-ot1-tlf.enc}{C:/Users/andre/AppData/Local/Prog
rams/MiKTeX 2.9/fonts/enc/dvips/fontname/8r.enc}<C:/Users/andre/AppData/Local/P
rograms/MiKTeX 2.9/fonts/type1/public/newtx/ntxtmri.pfb><C:/Users/andre/AppData
/Local/Programs/MiKTeX 2.9/fonts/type1/public/tex-gyre/qhvb.pfb><C:/Users/andre
/AppData/Local/Programs/MiKTeX 2.9/fonts/type1/public/tex-gyre/qtmb.pfb><C:/Use
rs/andre/AppData/Local/Programs/MiKTeX 2.9/fonts/type1/public/tex-gyre/qtmbi.pf
b><C:/Users/andre/AppData/Local/Programs/MiKTeX 2.9/fonts/type1/public/tex-gyre
/qtmr.pfb><C:/Users/andre/AppData/Local/Programs/MiKTeX 2.9/fonts/type1/public/
tex-gyre/qtmri.pfb><C:/Users/andre/AppData/Local/Programs/MiKTeX 2.9/fonts/type
1/public/newtx/rntxbmi.pfb><C:/Users/andre/AppData/Local/Programs/MiKTeX 2.9/fo
nts/type1/public/newtx/rntxbmi5.pfb><C:/Users/andre/AppData/Local/Programs/MiKT
eX 2.9/fonts/type1/public/newtx/rntxbmi7.pfb><C:/Users/andre/AppData/Local/Prog
rams/MiKTeX 2.9/fonts/type1/public/newtx/rntxmi.pfb><C:/Users/andre/AppData/Loc
al/Programs/MiKTeX 2.9/fonts/type1/public/newtx/rntxmi5.pfb><C:/Users/andre/App
Data/Local/Programs/MiKTeX 2.9/fonts/type1/public/newtx/rntxmi7.pfb><C:/Users/a
ndre/AppData/Local/Programs/MiKTeX 2.9/fonts/type1/public/newtx/rtxbmi5-rev.pfb
><C:/Users/andre/AppData/Local/Programs/MiKTeX 2.9/fonts/type1/public/newtx/rtx
bmi7-rev.pfb><C:/Users/andre/AppData/Local/Programs/MiKTeX 2.9/fonts/type1/publ
ic/txfonts/rtxmi.pfb><C:/Users/andre/AppData/Local/Programs/MiKTeX 2.9/fonts/ty
pe1/public/newtx/rtxmi5.pfb><C:/Users/andre/AppData/Local/Programs/MiKTeX 2.9/f
onts/type1/public/newtx/rtxmi7.pfb><C:/Users/andre/AppData/Local/Programs/MiKTe
X 2.9/fonts/type1/public/txfonts/rtxr.pfb><C:/Users/andre/AppData/Local/Program
s/MiKTeX 2.9/fonts/type1/public/txfonts/t1xtt.pfb><C:/Users/andre/AppData/Local
/Programs/MiKTeX 2.9/fonts/type1/public/newtx/txexs.pfb><C:/Users/andre/AppData
/Local/Programs/MiKTeX 2.9/fonts/type1/public/newtx/txsys.pfb><C:/Users/andre/A
ppData/Local/Programs/MiKTeX 2.9/fonts/type1/urw/times/utmri8a.pfb>
Output written on thesis.pdf (83 pages, 2255196 bytes).
PDF statistics:
 3445 PDF objects out of 3580 (max. 8388607)
 297 named destinations out of 1000 (max. 500000)
 631 words of extra memory for PDF output out of 10000 (max. 10000000)

