\BOOKMARK [0][-]{chapter.1}{1 Basic use of the template}{}% 1
\BOOKMARK [1][-]{section.1.1}{1.1 Introduction}{chapter.1}% 2
\BOOKMARK [1][-]{section.1.2}{1.2 Style options}{chapter.1}% 3
\BOOKMARK [1][-]{section.1.3}{1.3 References}{chapter.1}% 4
\BOOKMARK [1][-]{section.1.4}{1.4 URLs}{chapter.1}% 5
\BOOKMARK [1][-]{section.1.5}{1.5 Mathematical fonts}{chapter.1}% 6
\BOOKMARK [1][-]{section.1.6}{1.6 Astronomical abbreviations}{chapter.1}% 7
\BOOKMARK [1][-]{section.1.7}{1.7 Section/list formatting}{chapter.1}% 8
\BOOKMARK [0][-]{chapter.2}{2 Example tables and figures}{}% 9
\BOOKMARK [1][-]{section.2.1}{2.1 Introduction}{chapter.2}% 10
\BOOKMARK [1][-]{section.2.2}{2.2 Example tables}{chapter.2}% 11
\BOOKMARK [1][-]{section.2.3}{2.3 Example figures}{chapter.2}% 12
\BOOKMARK [0][-]{chapter.3}{3 Useful commands for drafting}{}% 13
\BOOKMARK [1][-]{section.3.1}{3.1 Introduction}{chapter.3}% 14
\BOOKMARK [1][-]{section.3.2}{3.2 Marginal notes}{chapter.3}% 15
\BOOKMARK [1][-]{section.3.3}{3.3 Changes/deletions/additions}{chapter.3}% 16
\BOOKMARK [1][-]{section.3.4}{3.4 Additional packages for drafting}{chapter.3}% 17
\BOOKMARK [0][-]{appendix.A}{A This is an appendix}{}% 18
\BOOKMARK [1][-]{section.A.1}{A.1 Introdution}{appendix.A}% 19
\BOOKMARK [1][-]{section.A.2}{A.2 Another section}{appendix.A}% 20
\BOOKMARK [0][-]{appendix.B}{B Another appendix \205 a Paper}{}% 21
